This is pdfTeX, Version 3.141592653-2.6-1.40.25 (TeX Live 2023/Debian) (preloaded format=pdflatex 2025.4.28)  10 MAY 2025 17:09
entering extended mode
 \write18 enabled.
 file:line:error style messages enabled.
 %&-line parsing enabled.
**"/home/aravind/latex/Thesis/template/TeXtured /paper..tex"
(/home/aravind/latex/Thesis/template/TeXtured /paper..tex
LaTeX2e <2023-11-01> patch level 1
L3 programming layer <2024-01-22>
(/usr/share/texlive/texmf-dist/tex/latex/latex-lab/documentmetadata-support.ltx (/usr/share/texlive/texmf-dist/tex/latex/pdfmanagement-testphase/pdfmanagement-testphase.sty
Package: pdfmanagement-testphase 2023-12-09 v0.96d LaTeX PDF management testphase bundle
 (/usr/share/texlive/texmf-dist/tex/latex/tagpdf/tagpdf-base.sty
Package: tagpdf-base 2024-02-04 v0.98v part of tagpdf - provide base, no-op versions of the user commands 
\c@g__tag_MCID_abs_int=\count187
\c@g__tag_struct_abs_int=\count188
) (/usr/share/texlive/texmf-dist/tex/latex/pdfmanagement-testphase/pdfmanagement-testphase.ltx
File: pdfmanagement-testphase.ltx 2023-12-09 v0.96d PDF management code (testphase)
\g__pdfmanagement_EmbeddedFiles_int=\count189
\l__pdfmeta_xmp_indent_int=\count190
))) (/usr/share/texlive/texmf-dist/tex/latex/l3backend/l3backend-pdftex.def
File: l3backend-pdftex.def 2024-01-04 L3 backend support: PDF output (pdfTeX)
\l__color_backend_stack_int=\count191
\l__pdf_internal_box=\box51
) (/usr/share/texlive/texmf-dist/tex/latex/pdfmanagement-testphase/l3backend-testphase-pdftex.def
File: l3backend-testphase-pdftex.def 2023-12-09 LaTeX PDF management testphase bundle backend support:PDFoutput(pdfTeX)
\l__pdf_backend_tmpa_box=\box52
\l__pdf_backend_tmpb_box=\box53
\g__pdf_backend_resourceid_int=\count192
\g__pdf_backend_name_int=\count193
\g__pdf_backend_page_int=\count194
) (/usr/share/texlive/texmf-dist/tex/latex/pdfmanagement-testphase/pdfmanagement-firstaid.sty
Package: pdfmanagement-firstaid 2023-12-09 v0.96d LaTeX PDF management testphase bundle / firstaid-patches

Package pdfmanagement Info: loading pdfmanagement firstaid code for pgf

) (./preamble/pdfA-compliance/glyphtounicode.tex (/usr/share/texlive/texmf-dist/tex/generic/iftex/iftex.sty
Package: iftex 2022/02/03 v1.0f TeX engine tests
) (/usr/share/texlive/texmf-dist/tex/latex/pdfx/glyphtounicode-cmr.tex)) (/usr/share/texlive/texmf-dist/tex/latex/base/report.cls
Document Class: report 2023/05/17 v1.4n Standard LaTeX document class
(/usr/share/texlive/texmf-dist/tex/latex/base/size12.clo
File: size12.clo 2023/05/17 v1.4n Standard LaTeX file (size option)
)
\c@part=\count195
\c@chapter=\count196
\c@section=\count197
\c@subsection=\count198
\c@subsubsection=\count199
\c@paragraph=\count266
\c@subparagraph=\count267
\c@figure=\count268
\c@table=\count269
\abovecaptionskip=\skip48
\belowcaptionskip=\skip49
\bibindent=\dimen140
) (./preamble/toggles.tex) (./preamble/main.tex (./preamble/data.tex) (./preamble/debug/commands.tex (/usr/share/texlive/texmf-dist/tex/latex/censor/censor.sty
Package: censor 2023/06/05\ 4.3\ Provides capability for redaction of sensitive information
 (/usr/share/texlive/texmf-dist/tex/latex/pbox/pbox.sty
Package: pbox 2011/12/07 v1.2 Dynamic parboxes
 (/usr/share/texlive/texmf-dist/tex/latex/tools/calc.sty
Package: calc 2023/07/08 v4.3 Infix arithmetic (KKT,FJ)
\calc@Acount=\count270
\calc@Bcount=\count271
\calc@Adimen=\dimen141
\calc@Bdimen=\dimen142
\calc@Askip=\skip50
\calc@Bskip=\skip51
LaTeX Info: Redefining \setlength on input line 80.
LaTeX Info: Redefining \addtolength on input line 81.
\calc@Ccount=\count272
\calc@Cskip=\skip52
) (/usr/share/texlive/texmf-dist/tex/latex/base/ifthen.sty
Package: ifthen 2022/04/13 v1.1d Standard LaTeX ifthen package (DPC)
)
\pb@xlen=\skip53
)
\censorruledepth=\skip54
\censorruleheight=\skip55
 (/usr/share/texlive/texmf-dist/tex/generic/tokcycle/tokcycle.sty (/usr/share/texlive/texmf-dist/tex/generic/tokcycle/tokcycle.tex
\tc@tok=\toks17
\tcdepth=\count273
\cytoks=\toks18
)
Package: tokcycle 2021/08/25 V1.42 Cycle through and transform a stream of tokens
))) (./preamble/debug/line-numbers.tex (/usr/share/texlive/texmf-dist/tex/latex/lineno/lineno.sty
Package: lineno 2023/05/20 line numbers on paragraphs v5.3
 (/usr/share/texlive/texmf-dist/tex/latex/etoolbox/etoolbox.sty
Package: etoolbox 2020/10/05 v2.5k e-TeX tools for LaTeX (JAW)
\etb@tempcnta=\count274
) (/usr/share/texlive/texmf-dist/tex/latex/kvoptions/kvoptions.sty
Package: kvoptions 2022-06-15 v3.15 Key value format for package options (HO)
 (/usr/share/texlive/texmf-dist/tex/latex/graphics/keyval.sty
Package: keyval 2022/05/29 v1.15 key=value parser (DPC)
\KV@toks@=\toks19
) (/usr/share/texlive/texmf-dist/tex/generic/ltxcmds/ltxcmds.sty
Package: ltxcmds 2023-12-04 v1.26 LaTeX kernel commands for general use (HO)
) (/usr/share/texlive/texmf-dist/tex/latex/kvsetkeys/kvsetkeys.sty
Package: kvsetkeys 2022-10-05 v1.19 Key value parser (HO)
))
\linenopenalty=\count275
\output=\toks20
\linenoprevgraf=\count276
\linenumbersep=\dimen143
\linenumberwidth=\dimen144
\c@linenumber=\count277
\c@pagewiselinenumber=\count278
\c@LN@truepage=\count279
\c@internallinenumber=\count280
\c@internallinenumbers=\count281
\quotelinenumbersep=\dimen145
\bframerule=\dimen146
\bframesep=\dimen147
\bframebox=\box54
LaTeX Info: Redefining \\ on input line 3180.
)) (./preamble/debug/silence.tex (/usr/share/texlive/texmf-dist/tex/latex/silence/silence.sty
Package: silence 2012/07/02 v1.5b Selective filtering of warnings and error messages
\sl@Save=\count282
\sl@StateNumber=\count283
\sl@MessageCount=\count284
\sl@Casualties=\count285
\sl@Filter=\toks21
\sl@Message=\toks22
\sl@UnexpandedMessage=\toks23
\sl@Mess@ge=\toks24
\sl@WarningCount=\count286
\sl@WarningNumber=\count287
\sl@WarningCasualties=\count288
\sl@TempBOW=\toks25
\sl@BankOfWarnings=\toks26
LaTeX Info: Redefining \GenericWarning on input line 433.
\sl@ErrorCount=\count289
\sl@ErrorNumber=\count290
\sl@ErrorCasualties=\count291
\sl@TempBOE=\toks27
\sl@BankOfErrors=\toks28
LaTeX Info: Redefining \GenericError on input line 601.
)) (./preamble/general/colors.tex (/usr/share/texlive/texmf-dist/tex/latex/xcolor/xcolor.sty
Package: xcolor 2023/11/15 v3.01 LaTeX color extensions (UK)
 (/usr/share/texlive/texmf-dist/tex/latex/graphics-cfg/color.cfg
File: color.cfg 2016/01/02 v1.6 sample color configuration
)
Package xcolor Info: Driver file: pdftex.def on input line 274.
 (/usr/share/texlive/texmf-dist/tex/latex/graphics-def/pdftex.def
File: pdftex.def 2022/09/22 v1.2b Graphics/color driver for pdftex
) (/usr/share/texlive/texmf-dist/tex/latex/graphics/mathcolor.ltx)
Package xcolor Info: Model `cmy' substituted by `cmy0' on input line 1350.
Package xcolor Info: Model `hsb' substituted by `rgb' on input line 1354.
Package xcolor Info: Model `RGB' extended on input line 1366.
Package xcolor Info: Model `HTML' substituted by `rgb' on input line 1368.
Package xcolor Info: Model `Hsb' substituted by `hsb' on input line 1369.
Package xcolor Info: Model `tHsb' substituted by `hsb' on input line 1370.
Package xcolor Info: Model `HSB' substituted by `hsb' on input line 1371.
Package xcolor Info: Model `Gray' substituted by `gray' on input line 1372.
Package xcolor Info: Model `wave' substituted by `hsb' on input line 1373.
) (/usr/share/texlive/texmf-dist/tex/latex/pdfmanagement-testphase/xcolor-patches-tmp-ltx.sty
Package: xcolor-patches-tmp-ltx 2023-12-09 v0.96d patch xcolor for l3color
) (/usr/share/texlive/texmf-dist/tex/latex/colortbl/colortbl.sty
Package: colortbl 2022/06/20 v1.0f Color table columns (DPC)
 (/usr/share/texlive/texmf-dist/tex/latex/tools/array.sty
Package: array 2023/10/16 v2.5g Tabular extension package (FMi)
\col@sep=\dimen148
\ar@mcellbox=\box55
\extrarowheight=\dimen149
\NC@list=\toks29
\extratabsurround=\skip56
\backup@length=\skip57
\ar@cellbox=\box56
)
\everycr=\toks30
\minrowclearance=\skip58
\rownum=\count292
)) (./preamble/general/typesetting.tex (/usr/share/texlive/texmf-dist/tex/latex/base/fontenc.sty
Package: fontenc 2021/04/29 v2.0v Standard LaTeX package
) (/usr/share/texmf/tex/latex/lm/lmodern.sty
Package: lmodern 2015/05/01 v1.6.1 Latin Modern Fonts
LaTeX Font Info:    Overwriting symbol font `operators' in version `normal'
(Font)                  OT1/cmr/m/n --> OT1/lmr/m/n on input line 22.
LaTeX Font Info:    Overwriting symbol font `letters' in version `normal'
(Font)                  OML/cmm/m/it --> OML/lmm/m/it on input line 23.
LaTeX Font Info:    Overwriting symbol font `symbols' in version `normal'
(Font)                  OMS/cmsy/m/n --> OMS/lmsy/m/n on input line 24.
LaTeX Font Info:    Overwriting symbol font `largesymbols' in version `normal'
(Font)                  OMX/cmex/m/n --> OMX/lmex/m/n on input line 25.
LaTeX Font Info:    Overwriting symbol font `operators' in version `bold'
(Font)                  OT1/cmr/bx/n --> OT1/lmr/bx/n on input line 26.
LaTeX Font Info:    Overwriting symbol font `letters' in version `bold'
(Font)                  OML/cmm/b/it --> OML/lmm/b/it on input line 27.
LaTeX Font Info:    Overwriting symbol font `symbols' in version `bold'
(Font)                  OMS/cmsy/b/n --> OMS/lmsy/b/n on input line 28.
LaTeX Font Info:    Overwriting symbol font `largesymbols' in version `bold'
(Font)                  OMX/cmex/m/n --> OMX/lmex/m/n on input line 29.
LaTeX Font Info:    Overwriting math alphabet `\mathbf' in version `normal'
(Font)                  OT1/cmr/bx/n --> OT1/lmr/bx/n on input line 31.
LaTeX Font Info:    Overwriting math alphabet `\mathsf' in version `normal'
(Font)                  OT1/cmss/m/n --> OT1/lmss/m/n on input line 32.
LaTeX Font Info:    Overwriting math alphabet `\mathit' in version `normal'
(Font)                  OT1/cmr/m/it --> OT1/lmr/m/it on input line 33.
LaTeX Font Info:    Overwriting math alphabet `\mathtt' in version `normal'
(Font)                  OT1/cmtt/m/n --> OT1/lmtt/m/n on input line 34.
LaTeX Font Info:    Overwriting math alphabet `\mathbf' in version `bold'
(Font)                  OT1/cmr/bx/n --> OT1/lmr/bx/n on input line 35.
LaTeX Font Info:    Overwriting math alphabet `\mathsf' in version `bold'
(Font)                  OT1/cmss/bx/n --> OT1/lmss/bx/n on input line 36.
LaTeX Font Info:    Overwriting math alphabet `\mathit' in version `bold'
(Font)                  OT1/cmr/bx/it --> OT1/lmr/bx/it on input line 37.
LaTeX Font Info:    Overwriting math alphabet `\mathtt' in version `bold'
(Font)                  OT1/cmtt/m/n --> OT1/lmtt/m/n on input line 38.
) (/usr/share/texlive/texmf-dist/tex/latex/romanbar/romanbar.sty
Package: romanbar 2012/01/01 v1.0f Roman numbers with bars (HMM)
) (/usr/share/texlive/texmf-dist/tex/latex/microtype/microtype.sty
Package: microtype 2023/03/13 v3.1a Micro-typographical refinements (RS)
\MT@toks=\toks31
\MT@tempbox=\box57
\MT@count=\count293
LaTeX Info: Redefining \noprotrusionifhmode on input line 1059.
LaTeX Info: Redefining \leftprotrusion on input line 1060.
\MT@prot@toks=\toks32
LaTeX Info: Redefining \rightprotrusion on input line 1078.
LaTeX Info: Redefining \textls on input line 1368.
\MT@outer@kern=\dimen150
LaTeX Info: Redefining \textmicrotypecontext on input line 1988.
\MT@listname@count=\count294
 (/usr/share/texlive/texmf-dist/tex/latex/microtype/microtype-pdftex.def
File: microtype-pdftex.def 2023/03/13 v3.1a Definitions specific to pdftex (RS)
LaTeX Info: Redefining \lsstyle on input line 902.
LaTeX Info: Redefining \lslig on input line 902.
\MT@outer@space=\skip59
)
Package microtype Info: Loading configuration file microtype.cfg.
 (/usr/share/texlive/texmf-dist/tex/latex/microtype/microtype.cfg
File: microtype.cfg 2023/03/13 v3.1a microtype main configuration file (RS)
)) (/usr/share/texlive/texmf-dist/tex/latex/parskip/parskip.sty
Package: parskip 2021-03-14 v2.0h non-zero parskip adjustments
) (/usr/share/texlive/texmf-dist/tex/latex/csquotes/csquotes.sty
Package: csquotes 2022-09-14 v5.2n context-sensitive quotations (JAW)
\csq@reset=\count295
\csq@gtype=\count296
\csq@glevel=\count297
\csq@qlevel=\count298
\csq@maxlvl=\count299
\csq@tshold=\count300
\csq@ltx@everypar=\toks33
 (/usr/share/texlive/texmf-dist/tex/latex/csquotes/csquotes.def
File: csquotes.def 2022-09-14 v5.2n csquotes generic definitions (JAW)
)
Package csquotes Info: Trying to load configuration file 'csquotes.cfg'...
Package csquotes Info: ... configuration file loaded successfully.
 (/usr/share/texlive/texmf-dist/tex/latex/csquotes/csquotes.cfg
File: csquotes.cfg 
)) (/usr/share/texlive/texmf-dist/tex/latex/paralist/paralist.sty
Package: paralist 2017/01/22 v2.7 Extended list environments
\pltopsep=\skip60
\plpartopsep=\skip61
\plitemsep=\skip62
\plparsep=\skip63
\pl@lab=\toks34
)) (./preamble/general/floats.tex (/usr/share/texlive/texmf-dist/tex/latex/graphics/graphicx.sty
Package: graphicx 2021/09/16 v1.2d Enhanced LaTeX Graphics (DPC,SPQR)
 (/usr/share/texlive/texmf-dist/tex/latex/graphics/graphics.sty
Package: graphics 2022/03/10 v1.4e Standard LaTeX Graphics (DPC,SPQR)
 (/usr/share/texlive/texmf-dist/tex/latex/graphics/trig.sty
Package: trig 2021/08/11 v1.11 sin cos tan (DPC)
) (/usr/share/texlive/texmf-dist/tex/latex/graphics-cfg/graphics.cfg
File: graphics.cfg 2016/06/04 v1.11 sample graphics configuration
)
Package graphics Info: Driver file: pdftex.def on input line 107.
)
\Gin@req@height=\dimen151
\Gin@req@width=\dimen152
) (/usr/share/texlive/texmf-dist/tex/latex/adjustbox/adjustbox.sty
Package: adjustbox 2022/10/17 v1.3a Adjusting TeX boxes (trim, clip, ...)
 (/usr/share/texlive/texmf-dist/tex/latex/xkeyval/xkeyval.sty
Package: xkeyval 2022/06/16 v2.9 package option processing (HA)
 (/usr/share/texlive/texmf-dist/tex/generic/xkeyval/xkeyval.tex (/usr/share/texlive/texmf-dist/tex/generic/xkeyval/xkvutils.tex
\XKV@toks=\toks35
\XKV@tempa@toks=\toks36
)
\XKV@depth=\count301
File: xkeyval.tex 2014/12/03 v2.7a key=value parser (HA)
)) (/usr/share/texlive/texmf-dist/tex/latex/adjustbox/adjcalc.sty
Package: adjcalc 2012/05/16 v1.1 Provides advanced setlength with multiple back-ends (calc, etex, pgfmath)
) (/usr/share/texlive/texmf-dist/tex/latex/adjustbox/trimclip.sty
Package: trimclip 2020/08/19 v1.2 Trim and clip general TeX material
 (/usr/share/texlive/texmf-dist/tex/latex/collectbox/collectbox.sty
Package: collectbox 2022/10/17 v0.4c Collect macro arguments as boxes
\collectedbox=\box58
)
\tc@llx=\dimen153
\tc@lly=\dimen154
\tc@urx=\dimen155
\tc@ury=\dimen156
Package trimclip Info: Using driver 'tc-pdftex.def'.
 (/usr/share/texlive/texmf-dist/tex/latex/adjustbox/tc-pdftex.def
File: tc-pdftex.def 2019/01/04 v2.2 Clipping driver for pdftex
))
\adjbox@Width=\dimen157
\adjbox@Height=\dimen158
\adjbox@Depth=\dimen159
\adjbox@Totalheight=\dimen160
\adjbox@pwidth=\dimen161
\adjbox@pheight=\dimen162
\adjbox@pdepth=\dimen163
\adjbox@ptotalheight=\dimen164
 (/usr/share/texlive/texmf-dist/tex/latex/ifoddpage/ifoddpage.sty
Package: ifoddpage 2022/10/18 v1.2 Conditionals for odd/even page detection
\c@checkoddpage=\count302
) (/usr/share/texlive/texmf-dist/tex/latex/varwidth/varwidth.sty
Package: varwidth 2009/03/30 ver 0.92;  Variable-width minipages
\@vwid@box=\box59
\sift@deathcycles=\count303
\@vwid@loff=\dimen165
\@vwid@roff=\dimen166
)) (/usr/share/texlive/texmf-dist/tex/latex/booktabs/booktabs.sty
Package: booktabs 2020/01/12 v1.61803398 Publication quality tables
\heavyrulewidth=\dimen167
\lightrulewidth=\dimen168
\cmidrulewidth=\dimen169
\belowrulesep=\dimen170
\belowbottomsep=\dimen171
\aboverulesep=\dimen172
\abovetopsep=\dimen173
\cmidrulesep=\dimen174
\cmidrulekern=\dimen175
\defaultaddspace=\dimen176
\@cmidla=\count304
\@cmidlb=\count305
\@aboverulesep=\dimen177
\@belowrulesep=\dimen178
\@thisruleclass=\count306
\@lastruleclass=\count307
\@thisrulewidth=\dimen179
) (/usr/share/texlive/texmf-dist/tex/latex/ninecolors/ninecolors.sty
Package: ninecolors 2022-02-13 v2022D Select colors with proper color contrast
 (/usr/share/texlive/texmf-dist/tex/latex/l3packages/xparse/xparse.sty (/usr/share/texlive/texmf-dist/tex/latex/l3kernel/expl3.sty
Package: expl3 2024-01-22 L3 programming layer (loader) 
)
Package: xparse 2023-10-10 L3 Experimental document command parser
)) (/usr/share/texlive/texmf-dist/tex/latex/tabularray/tabularray.sty
Package: tabularray 2023-03-01 v2023A Typeset tabulars and arrays with LaTeX3
\l__tblr_a_int=\count308
\l__tblr_c_int=\count309
\l__tblr_r_int=\count310
\l__tblr_d_dim=\dimen180
\l__tblr_h_dim=\dimen181
\l__tblr_o_dim=\dimen182
\l__tblr_p_dim=\dimen183
\l__tblr_q_dim=\dimen184
\l__tblr_r_dim=\dimen185
\l__tblr_s_dim=\dimen186
\l__tblr_t_dim=\dimen187
\l__tblr_v_dim=\dimen188
\l__tblr_w_dim=\dimen189
\l__tblr_a_box=\box60
\l__tblr_b_box=\box61
\l__tblr_c_box=\box62
\l__tblr_d_box=\box63
\g__tblr_table_count_int=\count311
\c@colnum=\count312
\c@rowcount=\count313
\c@colcount=\count314
\abovesep=\dimen190
\belowsep=\dimen191
\leftsep=\dimen192
\rightsep=\dimen193
\g_tblr_level_int=\count315
\g__tblr_data_row_key_count_int=\count316
\g__tblr_data_column_key_count_int=\count317
\g__tblr_data_cell_key_count_int=\count318
\g__tblr_array_int=\count319
\l__tblr_key_count_int=\count320
\l__tblr_key_quotient_int=\count321
\l__tblr_key_quotient_two_int=\count322
\l__tblr_key_remainder_int=\count323
\g__tblr_data_str_value_count_int=\count324
\rulewidth=\dimen194
\l__tblr_strut_dp_dim=\dimen195
\l__tblr_strut_ht_dim=\dimen196
\g__tblr_cell_wd_dim=\dimen197
\g__tblr_cell_ht_dim=\dimen198
\g__tblr_cell_head_dim=\dimen199
\g__tblr_cell_foot_dim=\dimen256
\l__column_target_dim=\dimen257
\l__tblr_caption_box=\box64
\l__tblr_caption_left_box=\box65
\l__tblr_row_head_box=\box66
\l__tblr_row_foot_box=\box67
\l__tblr_row_head_foot_dim=\dimen258
\tablewidth=\dimen259
\l__tblr_table_firsthead_box=\box68
\l__tblr_table_middlehead_box=\box69
\l__tblr_table_lasthead_box=\box70
\l__tblr_table_firstfoot_box=\box71
\l__tblr_table_middlefoot_box=\box72
\l__tblr_table_lastfoot_box=\box73
\l__tblr_remain_height_dim=\dimen260
\l__tblr_long_from_int=\count325
\l__tblr_long_to_int=\count326
\l__tblr_curr_i_int=\count327
\l__tblr_prev_i_int=\count328
\l__tblr_table_page_int=\count329
\l__tblr_table_head_box=\box74
\l__tblr_table_foot_box=\box75
\l__tblr_table_head_foot_dim=\dimen261
\l__tblr_table_head_body_foot_dim=\dimen262
\l__tblr_table_box=\box76
\l__tblr_table_hlines_box=\box77
\l__tblr_hline_box=\box78
\l__tblr_row_box=\box79
\l__tblr_col_o_wd_dim=\dimen263
\l__tblr_col_b_wd_dim=\dimen264
\l__tblr_hline_leftskip_dim=\dimen265
\l__tblr_hline_rightskip_dim=\dimen266
\l__tblr_row_ht_dim=\dimen267
\l__tblr_row_dp_dim=\dimen268
\l__tblr_row_abovesep_dim=\dimen269
\l__tblr_row_belowsep_dim=\dimen270
\l__tblr_row_vlines_box=\box80
\l__tblr_vline_box=\box81
\l__tblr_cell_box=\box82
\l__row_upper_dim=\dimen271
\l__row_lower_dim=\dimen272
\l__row_vpace_dim=\dimen273
\l__tblr_vline_aboveskip_dim=\dimen274
\l__tblr_vline_belowskip_dim=\dimen275
\l__tblr_cell_wd_dim=\dimen276
\l__tblr_cell_ht_dim=\dimen277
\l__tblr_diag_box=\box83
) (/usr/share/texlive/texmf-dist/tex/latex/codehigh/codehigh.sty
Package: codehigh 2023-02-11 v2023A Highlight codes and demos with l3regex and lpeg
 (/usr/share/texlive/texmf-dist/tex/generic/catchfile/catchfile.sty
Package: catchfile 2019/12/09 v1.8 Catch the contents of a file (HO)
 (/usr/share/texlive/texmf-dist/tex/generic/infwarerr/infwarerr.sty
Package: infwarerr 2019/12/03 v1.5 Providing info/warning/error messages (HO)
) (/usr/share/texlive/texmf-dist/tex/generic/etexcmds/etexcmds.sty
Package: etexcmds 2019/12/15 v1.7 Avoid name clashes with e-TeX commands (HO)
))
\l__codehigh_a_int=\count330
\l__codehigh_b_int=\count331
\l__codehigh_main_boxsep_dim=\dimen278
\g__codehigh_code_box=\box84
\g__codehigh_demo_box=\box85
\l__codehigh_latex_rule_count_int=\count332
\l__codehigh_latex/math_rule_count_int=\count333
\l__codehigh_latex/table_rule_count_int=\count334
\l__codehigh_latex/latex2_rule_count_int=\count335
\l__codehigh_latex/latex3_rule_count_int=\count336
\l__codehigh_item_count_int=\count337
) (/usr/share/texlive/texmf-dist/tex/latex/amsmath/amsmath.sty
Package: amsmath 2023/05/13 v2.17o AMS math features
\@mathmargin=\skip64

For additional information on amsmath, use the `?' option.
(/usr/share/texlive/texmf-dist/tex/latex/amsmath/amstext.sty
Package: amstext 2021/08/26 v2.01 AMS text
 (/usr/share/texlive/texmf-dist/tex/latex/amsmath/amsgen.sty
File: amsgen.sty 1999/11/30 v2.0 generic functions
\@emptytoks=\toks37
\ex@=\dimen279
)) (/usr/share/texlive/texmf-dist/tex/latex/amsmath/amsbsy.sty
Package: amsbsy 1999/11/29 v1.2d Bold Symbols
\pmbraise@=\dimen280
) (/usr/share/texlive/texmf-dist/tex/latex/amsmath/amsopn.sty
Package: amsopn 2022/04/08 v2.04 operator names
)
\inf@bad=\count338
LaTeX Info: Redefining \frac on input line 234.
\uproot@=\count339
\leftroot@=\count340
LaTeX Info: Redefining \overline on input line 399.
LaTeX Info: Redefining \colon on input line 410.
\classnum@=\count341
\DOTSCASE@=\count342
LaTeX Info: Redefining \ldots on input line 496.
LaTeX Info: Redefining \dots on input line 499.
LaTeX Info: Redefining \cdots on input line 620.
\Mathstrutbox@=\box86
\strutbox@=\box87
LaTeX Info: Redefining \big on input line 722.
LaTeX Info: Redefining \Big on input line 723.
LaTeX Info: Redefining \bigg on input line 724.
LaTeX Info: Redefining \Bigg on input line 725.
\big@size=\dimen281
LaTeX Font Info:    Redeclaring font encoding OML on input line 743.
LaTeX Font Info:    Redeclaring font encoding OMS on input line 744.
\macc@depth=\count343
LaTeX Info: Redefining \bmod on input line 905.
LaTeX Info: Redefining \pmod on input line 910.
LaTeX Info: Redefining \smash on input line 940.
LaTeX Info: Redefining \relbar on input line 970.
LaTeX Info: Redefining \Relbar on input line 971.
\c@MaxMatrixCols=\count344
\dotsspace@=\muskip16
\c@parentequation=\count345
\dspbrk@lvl=\count346
\tag@help=\toks38
\row@=\count347
\column@=\count348
\maxfields@=\count349
\andhelp@=\toks39
\eqnshift@=\dimen282
\alignsep@=\dimen283
\tagshift@=\dimen284
\tagwidth@=\dimen285
\totwidth@=\dimen286
\lineht@=\dimen287
\@envbody=\toks40
\multlinegap=\skip65
\multlinetaggap=\skip66
\mathdisplay@stack=\toks41
LaTeX Info: Redefining \[ on input line 2953.
LaTeX Info: Redefining \] on input line 2954.
)
\linenoamsmath@ams@eqpen=\count350
 (/usr/share/texlive/texmf-dist/tex/latex/siunitx/siunitx.sty
Package: siunitx 2024-01-25 v3.3.10 A comprehensive (SI) units package
\l__siunitx_number_uncert_offset_int=\count351
\l__siunitx_number_exponent_fixed_int=\count352
\l__siunitx_number_min_decimal_int=\count353
\l__siunitx_number_min_integer_int=\count354
\l__siunitx_number_round_precision_int=\count355
\l__siunitx_number_lower_threshold_int=\count356
\l__siunitx_number_upper_threshold_int=\count357
\l__siunitx_number_group_first_int=\count358
\l__siunitx_number_group_size_int=\count359
\l__siunitx_number_group_minimum_int=\count360
\l__siunitx_angle_tmp_dim=\dimen288
\l__siunitx_angle_marker_box=\box88
\l__siunitx_angle_unit_box=\box89
\l__siunitx_compound_count_int=\count361
 (/usr/share/texlive/texmf-dist/tex/latex/translations/translations.sty
Package: translations 2022/02/05 v1.12 internationalization of LaTeX2e packages (CN)
 (/usr/share/texlive/texmf-dist/tex/generic/pdftexcmds/pdftexcmds.sty
Package: pdftexcmds 2020-06-27 v0.33 Utility functions of pdfTeX for LuaTeX (HO)
Package pdftexcmds Info: \pdf@primitive is available.
Package pdftexcmds Info: \pdf@ifprimitive is available.
Package pdftexcmds Info: \pdfdraftmode found.
))
\l__siunitx_table_tmp_box=\box90
\l__siunitx_table_tmp_dim=\dimen289
\l__siunitx_table_column_width_dim=\dimen290
\l__siunitx_table_integer_box=\box91
\l__siunitx_table_decimal_box=\box92
\l__siunitx_table_uncert_box=\box93
\l__siunitx_table_before_box=\box94
\l__siunitx_table_after_box=\box95
\l__siunitx_table_before_dim=\dimen291
\l__siunitx_table_carry_dim=\dimen292
\l__siunitx_unit_tmp_int=\count362
\l__siunitx_unit_position_int=\count363
\l__siunitx_unit_total_int=\count364
) (/usr/share/texlive/texmf-dist/tex/latex/floatrow/floatrow.sty
Package: floatrow 2008/08/02 v0.3b floatrow: float package extension
 (/usr/share/texlive/texmf-dist/tex/latex/caption/caption3.sty
Package: caption3 2023/07/31 v2.4d caption3 kernel (AR)
\caption@tempdima=\dimen293
\captionmargin=\dimen294
\caption@leftmargin=\dimen295
\caption@rightmargin=\dimen296
\caption@width=\dimen297
\caption@indent=\dimen298
\caption@parindent=\dimen299
\caption@hangindent=\dimen300
Package caption Info: Standard document class detected.
)
\c@float@type=\count365
\float@exts=\toks42
\float@box=\box96
\@floatcapt=\box97
Package floatrow Info: Modified float package code loaded on input line 455.
Package floatrow Info: Modified rotfloat package code loaded on input line 473.
\FR@everyfloat=\toks43
\flrow@foot=\insert252
\FB@wd=\dimen301
\FBo@wd=\dimen302
\FBc@wd=\dimen303
\FBo@ht=\skip67
\FBc@ht=\skip68
\FBf@ht=\skip69
\FBo@max=\skip70
\FBc@max=\skip71
\FBf@max=\skip72
\c@FBl@b=\count366
\floatbox@depth=\count367
\c@FRobj=\count368
\c@FRsobj=\count369
\Xhsize=\skip73
\sXhsize=\skip74
\Zhsize=\skip75
\sZhsize=\skip76
\flrow@rowbox=\box98
\FR@Zunitlength=\dimen304
\c@FBcnt=\count370
\FPOScnt=\count371
\LTleft=\skip77
\LTright=\skip78
\LTleft=\skip79
\LTright=\skip80
\flrow@types=\toks44
) (/usr/share/texlive/texmf-dist/tex/latex/caption/caption.sty
Package: caption 2023/08/05 v3.6o Customizing captions (AR)
\c@caption@flags=\count372
\c@continuedfloat=\count373
Package caption Info: float package is loaded.
Package caption Info: floatrow package is loaded.
Package caption Info: floatrow package is loaded.
) (/usr/share/texlive/texmf-dist/tex/latex/caption/subcaption.sty
Package: subcaption 2023/07/28 v1.6b Sub-captions (AR)
Package caption Info: New subtype `subfigure' on input line 238.
\c@subfigure=\count374
Package caption Info: New subtype `subtable' on input line 238.
\c@subtable=\count375
)
\floatfootruleindent=\skip81
) (./preamble/general/hyperref.tex (/usr/share/texlive/texmf-dist/tex/latex/url/url.sty
\Urlmuskip=\muskip17
Package: url 2013/09/16  ver 3.4  Verb mode for urls, etc.
) (/usr/share/texlive/texmf-dist/tex/latex/hyperref/hyperref.sty
Package: hyperref 2024-01-20 v7.01h Hypertext links for LaTeX
 (/usr/share/texlive/texmf-dist/tex/generic/kvdefinekeys/kvdefinekeys.sty
Package: kvdefinekeys 2019-12-19 v1.6 Define keys (HO)
) (/usr/share/texlive/texmf-dist/tex/generic/pdfescape/pdfescape.sty
Package: pdfescape 2019/12/09 v1.15 Implements pdfTeX's escape features (HO)
) (/usr/share/texlive/texmf-dist/tex/latex/hycolor/hycolor.sty
Package: hycolor 2020-01-27 v1.10 Color options for hyperref/bookmark (HO)
) (/usr/share/texlive/texmf-dist/tex/latex/auxhook/auxhook.sty
Package: auxhook 2019-12-17 v1.6 Hooks for auxiliary files (HO)
) (/usr/share/texlive/texmf-dist/tex/latex/hyperref/nameref.sty
Package: nameref 2023-11-26 v2.56 Cross-referencing by name of section
 (/usr/share/texlive/texmf-dist/tex/latex/refcount/refcount.sty
Package: refcount 2019/12/15 v3.6 Data extraction from label references (HO)
) (/usr/share/texlive/texmf-dist/tex/generic/gettitlestring/gettitlestring.sty
Package: gettitlestring 2019/12/15 v1.6 Cleanup title references (HO)
)
\c@section@level=\count376
)
\@linkdim=\dimen305
\Hy@linkcounter=\count377
\Hy@pagecounter=\count378
 (/usr/share/texlive/texmf-dist/tex/latex/hyperref/pd1enc.def
File: pd1enc.def 2024-01-20 v7.01h Hyperref: PDFDocEncoding definition (HO)
Now handling font encoding PD1 ...
... no UTF-8 mapping file for font encoding PD1
) (/usr/share/texlive/texmf-dist/tex/generic/intcalc/intcalc.sty
Package: intcalc 2019/12/15 v1.3 Expandable calculations with integers (HO)
)
\Hy@SavedSpaceFactor=\count379
 (/usr/share/texlive/texmf-dist/tex/latex/hyperref/puenc.def
File: puenc.def 2024-01-20 v7.01h Hyperref: PDF Unicode definition (HO)
Now handling font encoding PU ...
... no UTF-8 mapping file for font encoding PU
)
Package hyperref Info: Hyper figures OFF on input line 4179.
Package hyperref Info: Link nesting OFF on input line 4184.
Package hyperref Info: Hyper index ON on input line 4187.
Package hyperref Info: Plain pages OFF on input line 4194.
Package hyperref Info: Backreferencing OFF on input line 4199.
Package hyperref Info: Implicit mode ON; LaTeX internals redefined.
Package hyperref Info: Bookmarks ON on input line 4446.
\c@Hy@tempcnt=\count380
LaTeX Info: Redefining \url on input line 4784.
\XeTeXLinkMargin=\dimen306
 (/usr/share/texlive/texmf-dist/tex/generic/bitset/bitset.sty
Package: bitset 2019/12/09 v1.3 Handle bit-vector datatype (HO)
 (/usr/share/texlive/texmf-dist/tex/generic/bigintcalc/bigintcalc.sty
Package: bigintcalc 2019/12/15 v1.5 Expandable calculations on big integers (HO)
))
\Fld@menulength=\count381
\Field@Width=\dimen307
\Fld@charsize=\dimen308
Package hyperref Info: Hyper figures OFF on input line 6063.
Package hyperref Info: Link nesting OFF on input line 6068.
Package hyperref Info: Hyper index ON on input line 6071.
Package hyperref Info: backreferencing OFF on input line 6078.
Package hyperref Info: Link coloring OFF on input line 6083.
Package hyperref Info: Link coloring with OCG OFF on input line 6088.
Package hyperref Info: PDF/A mode OFF on input line 6093.
 (/usr/share/texlive/texmf-dist/tex/latex/base/atbegshi-ltx.sty
Package: atbegshi-ltx 2021/01/10 v1.0c Emulation of the original atbegshi
package with kernel methods
)
\Hy@abspage=\count382
\c@Item=\count383
\c@Hfootnote=\count384
)
Package hyperref Info: Driver (custom): hgeneric-testphase.
 (/usr/share/texlive/texmf-dist/tex/latex/pdfmanagement-testphase/hgeneric-testphase.def
File: hgeneric-testphase.def 2023-12-09 v0.96d generic Hyperref driver for the LaTeX PDF management testphase bundle
 (/usr/share/texlive/texmf-dist/tex/latex/pdfmanagement-testphase/hyperref-colorschemes.def)
LaTeX Info: Redefining \href on input line 275.
LaTeX Info: Redefining \url on input line 361.
\l__hyp_tmpa_box=\box99
\l__hyp_tmpa_int=\count385
\l__hyp_dest_box=\box100
\g__hyp_linknestlevel_int=\count386
\HyAnn@Count=\count387
\Fld@listcount=\count388
\Hy@SectionHShift=\skip82
LaTeX Info: Redefining \Hy__hypSectionAnchor on input line 3513.
) (/usr/share/texlive/texmf-dist/tex/latex/bookmark/bookmark.sty
Package: bookmark 2023-12-10 v1.31 PDF bookmarks (HO)
 (/usr/share/texlive/texmf-dist/tex/latex/bookmark/bkm-pdftex.def
File: bkm-pdftex.def 2023-12-10 v1.31 bookmark driver for pdfTeX and luaTeX (HO)
\BKM@id=\count389
))) (./preamble/misc/macros.tex) (./preamble/misc/tikz.tex (/usr/share/texlive/texmf-dist/tex/latex/pgf/frontendlayer/tikz.sty (/usr/share/texlive/texmf-dist/tex/latex/pgf/basiclayer/pgf.sty (/usr/share/texlive/texmf-dist/tex/latex/pgf/utilities/pgfrcs.sty (/usr/share/texlive/texmf-dist/tex/generic/pgf/utilities/pgfutil-common.tex
\pgfutil@everybye=\toks45
\pgfutil@tempdima=\dimen309
\pgfutil@tempdimb=\dimen310
) (/usr/share/texlive/texmf-dist/tex/generic/pgf/utilities/pgfutil-latex.def
\pgfutil@abb=\box101
) (/usr/share/texlive/texmf-dist/tex/generic/pgf/utilities/pgfrcs.code.tex (/usr/share/texlive/texmf-dist/tex/generic/pgf/pgf.revision.tex)
Package: pgfrcs 2023-01-15 v3.1.10 (3.1.10)
))
Package: pgf 2023-01-15 v3.1.10 (3.1.10)
 (/usr/share/texlive/texmf-dist/tex/latex/pgf/basiclayer/pgfcore.sty (/usr/share/texlive/texmf-dist/tex/latex/pgf/systemlayer/pgfsys.sty (/usr/share/texlive/texmf-dist/tex/generic/pgf/systemlayer/pgfsys.code.tex
Package: pgfsys 2023-01-15 v3.1.10 (3.1.10)
 (/usr/share/texlive/texmf-dist/tex/generic/pgf/utilities/pgfkeys.code.tex
\pgfkeys@pathtoks=\toks46
\pgfkeys@temptoks=\toks47
 (/usr/share/texlive/texmf-dist/tex/generic/pgf/utilities/pgfkeyslibraryfiltered.code.tex
\pgfkeys@tmptoks=\toks48
))
\pgf@x=\dimen311
\pgf@y=\dimen312
\pgf@xa=\dimen313
\pgf@ya=\dimen314
\pgf@xb=\dimen315
\pgf@yb=\dimen316
\pgf@xc=\dimen317
\pgf@yc=\dimen318
\pgf@xd=\dimen319
\pgf@yd=\dimen320
\w@pgf@writea=\write3
\r@pgf@reada=\read2
\c@pgf@counta=\count390
\c@pgf@countb=\count391
\c@pgf@countc=\count392
\c@pgf@countd=\count393
\t@pgf@toka=\toks49
\t@pgf@tokb=\toks50
\t@pgf@tokc=\toks51
\pgf@sys@id@count=\count394
 (/usr/share/texlive/texmf-dist/tex/generic/pgf/systemlayer/pgf.cfg
File: pgf.cfg 2023-01-15 v3.1.10 (3.1.10)
)
Driver file for pgf: pgfsys-pdftex.def
 (/usr/share/texlive/texmf-dist/tex/generic/pgf/systemlayer/pgfsys-pdftex.def
File: pgfsys-pdftex.def 2023-01-15 v3.1.10 (3.1.10)
 (/usr/share/texlive/texmf-dist/tex/generic/pgf/systemlayer/pgfsys-common-pdf.def
File: pgfsys-common-pdf.def 2023-01-15 v3.1.10 (3.1.10)
))) (/usr/share/texlive/texmf-dist/tex/generic/pgf/systemlayer/pgfsyssoftpath.code.tex
File: pgfsyssoftpath.code.tex 2023-01-15 v3.1.10 (3.1.10)
\pgfsyssoftpath@smallbuffer@items=\count395
\pgfsyssoftpath@bigbuffer@items=\count396
) (/usr/share/texlive/texmf-dist/tex/generic/pgf/systemlayer/pgfsysprotocol.code.tex
File: pgfsysprotocol.code.tex 2023-01-15 v3.1.10 (3.1.10)
)) (/usr/share/texlive/texmf-dist/tex/generic/pgf/basiclayer/pgfcore.code.tex
Package: pgfcore 2023-01-15 v3.1.10 (3.1.10)
 (/usr/share/texlive/texmf-dist/tex/generic/pgf/math/pgfmath.code.tex (/usr/share/texlive/texmf-dist/tex/generic/pgf/math/pgfmathutil.code.tex) (/usr/share/texlive/texmf-dist/tex/generic/pgf/math/pgfmathparser.code.tex
\pgfmath@dimen=\dimen321
\pgfmath@count=\count397
\pgfmath@box=\box102
\pgfmath@toks=\toks52
\pgfmath@stack@operand=\toks53
\pgfmath@stack@operation=\toks54
) (/usr/share/texlive/texmf-dist/tex/generic/pgf/math/pgfmathfunctions.code.tex) (/usr/share/texlive/texmf-dist/tex/generic/pgf/math/pgfmathfunctions.basic.code.tex) (/usr/share/texlive/texmf-dist/tex/generic/pgf/math/pgfmathfunctions.trigonometric.code.tex) (/usr/share/texlive/texmf-dist/tex/generic/pgf/math/pgfmathfunctions.random.code.tex) (/usr/share/texlive/texmf-dist/tex/generic/pgf/math/pgfmathfunctions.comparison.code.tex) (/usr/share/texlive/texmf-dist/tex/generic/pgf/math/pgfmathfunctions.base.code.tex) (/usr/share/texlive/texmf-dist/tex/generic/pgf/math/pgfmathfunctions.round.code.tex) (/usr/share/texlive/texmf-dist/tex/generic/pgf/math/pgfmathfunctions.misc.code.tex) (/usr/share/texlive/texmf-dist/tex/generic/pgf/math/pgfmathfunctions.integerarithmetics.code.tex) (/usr/share/texlive/texmf-dist/tex/generic/pgf/math/pgfmathcalc.code.tex) (/usr/share/texlive/texmf-dist/tex/generic/pgf/math/pgfmathfloat.code.tex
\c@pgfmathroundto@lastzeros=\count398
)) (/usr/share/texlive/texmf-dist/tex/generic/pgf/math/pgfint.code.tex) (/usr/share/texlive/texmf-dist/tex/generic/pgf/basiclayer/pgfcorepoints.code.tex
File: pgfcorepoints.code.tex 2023-01-15 v3.1.10 (3.1.10)
\pgf@picminx=\dimen322
\pgf@picmaxx=\dimen323
\pgf@picminy=\dimen324
\pgf@picmaxy=\dimen325
\pgf@pathminx=\dimen326
\pgf@pathmaxx=\dimen327
\pgf@pathminy=\dimen328
\pgf@pathmaxy=\dimen329
\pgf@xx=\dimen330
\pgf@xy=\dimen331
\pgf@yx=\dimen332
\pgf@yy=\dimen333
\pgf@zx=\dimen334
\pgf@zy=\dimen335
) (/usr/share/texlive/texmf-dist/tex/generic/pgf/basiclayer/pgfcorepathconstruct.code.tex
File: pgfcorepathconstruct.code.tex 2023-01-15 v3.1.10 (3.1.10)
\pgf@path@lastx=\dimen336
\pgf@path@lasty=\dimen337
) (/usr/share/texlive/texmf-dist/tex/generic/pgf/basiclayer/pgfcorepathusage.code.tex
File: pgfcorepathusage.code.tex 2023-01-15 v3.1.10 (3.1.10)
\pgf@shorten@end@additional=\dimen338
\pgf@shorten@start@additional=\dimen339
) (/usr/share/texlive/texmf-dist/tex/generic/pgf/basiclayer/pgfcorescopes.code.tex
File: pgfcorescopes.code.tex 2023-01-15 v3.1.10 (3.1.10)
\pgfpic=\box103
\pgf@hbox=\box104
\pgf@layerbox@main=\box105
\pgf@picture@serial@count=\count399
) (/usr/share/texlive/texmf-dist/tex/generic/pgf/basiclayer/pgfcoregraphicstate.code.tex
File: pgfcoregraphicstate.code.tex 2023-01-15 v3.1.10 (3.1.10)
\pgflinewidth=\dimen340
) (/usr/share/texlive/texmf-dist/tex/generic/pgf/basiclayer/pgfcoretransformations.code.tex
File: pgfcoretransformations.code.tex 2023-01-15 v3.1.10 (3.1.10)
\pgf@pt@x=\dimen341
\pgf@pt@y=\dimen342
\pgf@pt@temp=\dimen343
) (/usr/share/texlive/texmf-dist/tex/generic/pgf/basiclayer/pgfcorequick.code.tex
File: pgfcorequick.code.tex 2023-01-15 v3.1.10 (3.1.10)
) (/usr/share/texlive/texmf-dist/tex/generic/pgf/basiclayer/pgfcoreobjects.code.tex
File: pgfcoreobjects.code.tex 2023-01-15 v3.1.10 (3.1.10)
) (/usr/share/texlive/texmf-dist/tex/generic/pgf/basiclayer/pgfcorepathprocessing.code.tex
File: pgfcorepathprocessing.code.tex 2023-01-15 v3.1.10 (3.1.10)
) (/usr/share/texlive/texmf-dist/tex/generic/pgf/basiclayer/pgfcorearrows.code.tex
File: pgfcorearrows.code.tex 2023-01-15 v3.1.10 (3.1.10)
\pgfarrowsep=\dimen344
) (/usr/share/texlive/texmf-dist/tex/generic/pgf/basiclayer/pgfcoreshade.code.tex
File: pgfcoreshade.code.tex 2023-01-15 v3.1.10 (3.1.10)
\pgf@max=\dimen345
\pgf@sys@shading@range@num=\count400
\pgf@shadingcount=\count401
) (/usr/share/texlive/texmf-dist/tex/generic/pgf/basiclayer/pgfcoreimage.code.tex
File: pgfcoreimage.code.tex 2023-01-15 v3.1.10 (3.1.10)
) (/usr/share/texlive/texmf-dist/tex/generic/pgf/basiclayer/pgfcoreexternal.code.tex
File: pgfcoreexternal.code.tex 2023-01-15 v3.1.10 (3.1.10)
\pgfexternal@startupbox=\box106
) (/usr/share/texlive/texmf-dist/tex/generic/pgf/basiclayer/pgfcorelayers.code.tex
File: pgfcorelayers.code.tex 2023-01-15 v3.1.10 (3.1.10)
) (/usr/share/texlive/texmf-dist/tex/generic/pgf/basiclayer/pgfcoretransparency.code.tex
File: pgfcoretransparency.code.tex 2023-01-15 v3.1.10 (3.1.10)
) (/usr/share/texlive/texmf-dist/tex/generic/pgf/basiclayer/pgfcorepatterns.code.tex
File: pgfcorepatterns.code.tex 2023-01-15 v3.1.10 (3.1.10)
) (/usr/share/texlive/texmf-dist/tex/generic/pgf/basiclayer/pgfcorerdf.code.tex
File: pgfcorerdf.code.tex 2023-01-15 v3.1.10 (3.1.10)
))) (/usr/share/texlive/texmf-dist/tex/generic/pgf/modules/pgfmoduleshapes.code.tex
File: pgfmoduleshapes.code.tex 2023-01-15 v3.1.10 (3.1.10)
\pgfnodeparttextbox=\box107
) (/usr/share/texlive/texmf-dist/tex/generic/pgf/modules/pgfmoduleplot.code.tex
File: pgfmoduleplot.code.tex 2023-01-15 v3.1.10 (3.1.10)
) (/usr/share/texlive/texmf-dist/tex/latex/pgf/compatibility/pgfcomp-version-0-65.sty
Package: pgfcomp-version-0-65 2023-01-15 v3.1.10 (3.1.10)
\pgf@nodesepstart=\dimen346
\pgf@nodesepend=\dimen347
) (/usr/share/texlive/texmf-dist/tex/latex/pgf/compatibility/pgfcomp-version-1-18.sty
Package: pgfcomp-version-1-18 2023-01-15 v3.1.10 (3.1.10)
)) (/usr/share/texlive/texmf-dist/tex/latex/pgf/utilities/pgffor.sty (/usr/share/texlive/texmf-dist/tex/latex/pgf/utilities/pgfkeys.sty (/usr/share/texlive/texmf-dist/tex/generic/pgf/utilities/pgfkeys.code.tex)) (/usr/share/texlive/texmf-dist/tex/latex/pgf/math/pgfmath.sty (/usr/share/texlive/texmf-dist/tex/generic/pgf/math/pgfmath.code.tex)) (/usr/share/texlive/texmf-dist/tex/generic/pgf/utilities/pgffor.code.tex
Package: pgffor 2023-01-15 v3.1.10 (3.1.10)
\pgffor@iter=\dimen348
\pgffor@skip=\dimen349
\pgffor@stack=\toks55
\pgffor@toks=\toks56
)) (/usr/share/texlive/texmf-dist/tex/generic/pgf/frontendlayer/tikz/tikz.code.tex
Package: tikz 2023-01-15 v3.1.10 (3.1.10)
 (/usr/share/texlive/texmf-dist/tex/generic/pgf/libraries/pgflibraryplothandlers.code.tex
File: pgflibraryplothandlers.code.tex 2023-01-15 v3.1.10 (3.1.10)
\pgf@plot@mark@count=\count402
\pgfplotmarksize=\dimen350
)
\tikz@lastx=\dimen351
\tikz@lasty=\dimen352
\tikz@lastxsaved=\dimen353
\tikz@lastysaved=\dimen354
\tikz@lastmovetox=\dimen355
\tikz@lastmovetoy=\dimen356
\tikzleveldistance=\dimen357
\tikzsiblingdistance=\dimen358
\tikz@figbox=\box108
\tikz@figbox@bg=\box109
\tikz@tempbox=\box110
\tikz@tempbox@bg=\box111
\tikztreelevel=\count403
\tikznumberofchildren=\count404
\tikznumberofcurrentchild=\count405
\tikz@fig@count=\count406
 (/usr/share/texlive/texmf-dist/tex/generic/pgf/modules/pgfmodulematrix.code.tex
File: pgfmodulematrix.code.tex 2023-01-15 v3.1.10 (3.1.10)
\pgfmatrixcurrentrow=\count407
\pgfmatrixcurrentcolumn=\count408
\pgf@matrix@numberofcolumns=\count409
)
\tikz@expandcount=\count410
 (/usr/share/texlive/texmf-dist/tex/generic/pgf/frontendlayer/tikz/libraries/tikzlibrarytopaths.code.tex
File: tikzlibrarytopaths.code.tex 2023-01-15 v3.1.10 (3.1.10)
))) (/usr/share/texlive/texmf-dist/tex/generic/pgf/frontendlayer/tikz/libraries/tikzlibraryfadings.code.tex
File: tikzlibraryfadings.code.tex 2023-01-15 v3.1.10 (3.1.10)
 (/usr/share/texlive/texmf-dist/tex/generic/pgf/libraries/pgflibraryfadings.code.tex
File: pgflibraryfadings.code.tex 2023-01-15 v3.1.10 (3.1.10)
)) (/usr/share/texlive/texmf-dist/tex/generic/pgf/libraries/pgflibraryarrows.meta.code.tex
File: pgflibraryarrows.meta.code.tex 2023-01-15 v3.1.10 (3.1.10)
\pgfarrowinset=\dimen359
\pgfarrowlength=\dimen360
\pgfarrowwidth=\dimen361
\pgfarrowlinewidth=\dimen362
) (/usr/share/texlive/texmf-dist/tex/generic/pgf/frontendlayer/tikz/libraries/tikzlibrarycalc.code.tex
File: tikzlibrarycalc.code.tex 2023-01-15 v3.1.10 (3.1.10)
) (/usr/share/texlive/texmf-dist/tex/generic/tikz-cd/tikzlibrarycd.code.tex (/usr/share/texlive/texmf-dist/tex/generic/pgf/frontendlayer/tikz/libraries/tikzlibrarymatrix.code.tex
File: tikzlibrarymatrix.code.tex 2023-01-15 v3.1.10 (3.1.10)
) (/usr/share/texlive/texmf-dist/tex/generic/pgf/frontendlayer/tikz/libraries/tikzlibraryquotes.code.tex
File: tikzlibraryquotes.code.tex 2023-01-15 v3.1.10 (3.1.10)
)) (/usr/share/texlive/texmf-dist/tex/generic/pgf/frontendlayer/tikz/libraries/tikzlibrarydecorations.pathmorphing.code.tex (/usr/share/texlive/texmf-dist/tex/generic/pgf/frontendlayer/tikz/libraries/tikzlibrarydecorations.code.tex (/usr/share/texlive/texmf-dist/tex/generic/pgf/modules/pgfmoduledecorations.code.tex
\pgfdecoratedcompleteddistance=\dimen363
\pgfdecoratedremainingdistance=\dimen364
\pgfdecoratedinputsegmentcompleteddistance=\dimen365
\pgfdecoratedinputsegmentremainingdistance=\dimen366
\pgf@decorate@distancetomove=\dimen367
\pgf@decorate@repeatstate=\count411
\pgfdecorationsegmentamplitude=\dimen368
\pgfdecorationsegmentlength=\dimen369
)
\tikz@lib@dec@box=\box112
) (/usr/share/texlive/texmf-dist/tex/generic/pgf/libraries/decorations/pgflibrarydecorations.pathmorphing.code.tex)) (/usr/share/texlive/texmf-dist/tex/generic/pgf/frontendlayer/tikz/libraries/tikzlibrarydecorations.markings.code.tex (/usr/share/texlive/texmf-dist/tex/generic/pgf/libraries/decorations/pgflibrarydecorations.markings.code.tex)) (/usr/share/texlive/texmf-dist/tex/generic/pgf/frontendlayer/tikz/libraries/tikzlibrarytrees.code.tex
File: tikzlibrarytrees.code.tex 2023-01-15 v3.1.10 (3.1.10)
) (/usr/share/texlive/texmf-dist/tex/generic/pgf/frontendlayer/tikz/libraries/tikzlibraryfit.code.tex
File: tikzlibraryfit.code.tex 2023-01-15 v3.1.10 (3.1.10)
)) (./preamble/misc/inkscape.tex (/usr/share/texlive/texmf-dist/tex/latex/tools/shellesc.sty
Package: shellesc 2023/07/08 v1.0d unified shell escape interface for LaTeX
Package shellesc Info: Unrestricted shell escape enabled on input line 75.
) (/usr/share/texlive/texmf-dist/tex/latex/filemod/filemod.sty
Package: filemod 2011/09/19 v1.2 Get and compare file modification times
 (/usr/share/texlive/texmf-dist/tex/latex/filemod/filemod-expmin.sty
Package: filemod-expmin 2011/09/19 v1.2 Get and compare file modification times (expandable; minimal)
))) (./preamble/layout/geometry.tex (/usr/share/texlive/texmf-dist/tex/latex/geometry/geometry.sty
Package: geometry 2020/01/02 v5.9 Page Geometry
 (/usr/share/texlive/texmf-dist/tex/generic/iftex/ifvtex.sty
Package: ifvtex 2019/10/25 v1.7 ifvtex legacy package. Use iftex instead.
)
\Gm@cnth=\count412
\Gm@cntv=\count413
\c@Gm@tempcnt=\count414
\Gm@bindingoffset=\dimen370
\Gm@wd@mp=\dimen371
\Gm@odd@mp=\dimen372
\Gm@even@mp=\dimen373
\Gm@layoutwidth=\dimen374
\Gm@layoutheight=\dimen375
\Gm@layouthoffset=\dimen376
\Gm@layoutvoffset=\dimen377
\Gm@dimlist=\toks57
)) (./preamble/layout/numbering.tex) (./preamble/layout/headers.tex (/usr/share/texlive/texmf-dist/tex/latex/fancyhdr/fancyhdr.sty
Package: fancyhdr 2022/11/09 v4.1 Extensive control of page headers and footers
\f@nch@headwidth=\skip83
\f@nch@O@elh=\skip84
\f@nch@O@erh=\skip85
\f@nch@O@olh=\skip86
\f@nch@O@orh=\skip87
\f@nch@O@elf=\skip88
\f@nch@O@erf=\skip89
\f@nch@O@olf=\skip90
\f@nch@O@orf=\skip91
)
\headerpadding=\skip92
) (./preamble/layout/titles.tex (/usr/share/texlive/texmf-dist/tex/latex/titlesec/titlesec.sty
Package: titlesec 2023/10/27 v2.16 Sectioning titles
\ttl@box=\box113
\beforetitleunit=\skip93
\aftertitleunit=\skip94
\ttl@plus=\dimen378
\ttl@minus=\dimen379
\ttl@toksa=\toks58
\titlewidth=\dimen380
\titlewidthlast=\dimen381
\titlewidthfirst=\dimen382
)) (./preamble/layout/toc.tex (/usr/share/texlive/texmf-dist/tex/latex/titlesec/titletoc.sty
Package: titletoc 2023/10/27 v2.16 TOC entries
\ttl@leftsep=\dimen383
) (/usr/share/texlive/texmf-dist/tex/latex/tocbibind/tocbibind.sty
Package: tocbibind 2010/10/13 v1.5k extra ToC listings
Package tocbibind Info: The document has chapter divisions on input line 50.


Package tocbibind Note: Using chapter style headings, unless overridden.

)) (./preamble/references/biblatex.tex (/usr/share/texlive/texmf-dist/tex/latex/biblatex/biblatex.sty
Package: biblatex 2023/03/05 v3.19 programmable bibliographies (PK/MW)
 (/usr/share/texlive/texmf-dist/tex/latex/logreq/logreq.sty
Package: logreq 2010/08/04 v1.0 xml request logger
\lrq@indent=\count415
 (/usr/share/texlive/texmf-dist/tex/latex/logreq/logreq.def
File: logreq.def 2010/08/04 v1.0 logreq spec v1.0
))
\c@tabx@nest=\count416
\c@listtotal=\count417
\c@listcount=\count418
\c@liststart=\count419
\c@liststop=\count420
\c@citecount=\count421
\c@citetotal=\count422
\c@multicitecount=\count423
\c@multicitetotal=\count424
\c@instcount=\count425
\c@maxnames=\count426
\c@minnames=\count427
\c@maxitems=\count428
\c@minitems=\count429
\c@citecounter=\count430
\c@maxcitecounter=\count431
\c@savedcitecounter=\count432
\c@uniquelist=\count433
\c@uniquename=\count434
\c@refsection=\count435
\c@refsegment=\count436
\c@maxextratitle=\count437
\c@maxextratitleyear=\count438
\c@maxextraname=\count439
\c@maxextradate=\count440
\c@maxextraalpha=\count441
\c@abbrvpenalty=\count442
\c@highnamepenalty=\count443
\c@lownamepenalty=\count444
\c@maxparens=\count445
\c@parenlevel=\count446
\blx@tempcnta=\count447
\blx@tempcntb=\count448
\blx@tempcntc=\count449
\c@blx@maxsection=\count450
\blx@maxsegment@0=\count451
\blx@notetype=\count452
\blx@parenlevel@text=\count453
\blx@parenlevel@foot=\count454
\blx@sectionciteorder@0=\count455
\blx@sectionciteorderinternal@0=\count456
\blx@entrysetcounter=\count457
\blx@biblioinstance=\count458
\labelnumberwidth=\skip95
\labelalphawidth=\skip96
\biblabelsep=\skip97
\bibitemsep=\skip98
\bibnamesep=\skip99
\bibinitsep=\skip100
\bibparsep=\skip101
\bibhang=\skip102
\blx@bcfin=\read3
\blx@bcfout=\write4
\blx@langwohyphens=\language9
\c@mincomprange=\count459
\c@maxcomprange=\count460
\c@mincompwidth=\count461
Package biblatex Info: Trying to load biblatex default data model...
Package biblatex Info: ... file 'blx-dm.def' found.
 (/usr/share/texlive/texmf-dist/tex/latex/biblatex/blx-dm.def
File: blx-dm.def 2023/03/05 v3.19 biblatex localization (PK/MW)
)
Package biblatex Info: Trying to load biblatex style data model...
Package biblatex Info: ... file 'preamble/references/biblatex-extra-fields.dbx' found.
 (./preamble/references/biblatex-extra-fields.dbx)
Package biblatex Info: Trying to load biblatex custom data model...
Package biblatex Info: ... file 'biblatex-dm.cfg' not found.
\c@afterword=\count462
\c@savedafterword=\count463
\c@annotator=\count464
\c@savedannotator=\count465
\c@author=\count466
\c@savedauthor=\count467
\c@bookauthor=\count468
\c@savedbookauthor=\count469
\c@commentator=\count470
\c@savedcommentator=\count471
\c@editor=\count472
\c@savededitor=\count473
\c@editora=\count474
\c@savededitora=\count475
\c@editorb=\count476
\c@savededitorb=\count477
\c@editorc=\count478
\c@savededitorc=\count479
\c@foreword=\count480
\c@savedforeword=\count481
\c@holder=\count482
\c@savedholder=\count483
\c@introduction=\count484
\c@savedintroduction=\count485
\c@namea=\count486
\c@savednamea=\count487
\c@nameb=\count488
\c@savednameb=\count489
\c@namec=\count490
\c@savednamec=\count491
\c@translator=\count492
\c@savedtranslator=\count493
\c@shortauthor=\count494
\c@savedshortauthor=\count495
\c@shorteditor=\count496
\c@savedshorteditor=\count497
\c@labelname=\count498
\c@savedlabelname=\count499
\c@institution=\count500
\c@savedinstitution=\count501
\c@lista=\count502
\c@savedlista=\count503
\c@listb=\count504
\c@savedlistb=\count505
\c@listc=\count506
\c@savedlistc=\count507
\c@listd=\count508
\c@savedlistd=\count509
\c@liste=\count510
\c@savedliste=\count511
\c@listf=\count512
\c@savedlistf=\count513
\c@location=\count514
\c@savedlocation=\count515
\c@organization=\count516
\c@savedorganization=\count517
\c@origlocation=\count518
\c@savedoriglocation=\count519
\c@origpublisher=\count520
\c@savedorigpublisher=\count521
\c@publisher=\count522
\c@savedpublisher=\count523
\c@language=\count524
\c@savedlanguage=\count525
\c@origlanguage=\count526
\c@savedoriglanguage=\count527
\c@pageref=\count528
\c@savedpageref=\count529
\shorthandwidth=\skip103
\shortjournalwidth=\skip104
\shortserieswidth=\skip105
\shorttitlewidth=\skip106
\shortauthorwidth=\skip107
\shorteditorwidth=\skip108
\locallabelnumberwidth=\skip109
\locallabelalphawidth=\skip110
\localshorthandwidth=\skip111
\localshortjournalwidth=\skip112
\localshortserieswidth=\skip113
\localshorttitlewidth=\skip114
\localshortauthorwidth=\skip115
\localshorteditorwidth=\skip116
Package biblatex Info: Trying to load compatibility code...
Package biblatex Info: ... file 'blx-compat.def' found.
 (/usr/share/texlive/texmf-dist/tex/latex/biblatex/blx-compat.def
File: blx-compat.def 2023/03/05 v3.19 biblatex compatibility (PK/MW)
)
Package biblatex Info: Trying to load generic definitions...
Package biblatex Info: ... file 'biblatex.def' found.
 (/usr/share/texlive/texmf-dist/tex/latex/biblatex/biblatex.def
File: biblatex.def 2023/03/05 v3.19 biblatex compatibility (PK/MW)
\c@textcitecount=\count530
\c@textcitetotal=\count531
\c@textcitemaxnames=\count532
\c@biburlbigbreakpenalty=\count533
\c@biburlbreakpenalty=\count534
\c@biburlnumpenalty=\count535
\c@biburlucpenalty=\count536
\c@biburllcpenalty=\count537
\biburlbigskip=\muskip18
\biburlnumskip=\muskip19
\biburlucskip=\muskip20
\biburllcskip=\muskip21
\c@smartand=\count538
)
Package biblatex Info: Trying to load bibliography style 'ext-numeric-verb'...
Package biblatex Info: ... file 'ext-numeric-verb.bbx' found.
 (/usr/share/texlive/texmf-dist/tex/latex/biblatex-ext/ext-numeric-verb.bbx
File: ext-numeric-verb.bbx 2023/03/18 v0.17 extended biblatex numeric-verb bibliography style (MW)
Package biblatex Info: Trying to load bibliography style 'ext-standard'...
Package biblatex Info: ... file 'ext-standard.bbx' found.
 (/usr/share/texlive/texmf-dist/tex/latex/biblatex-ext/ext-standard.bbx
File: ext-standard.bbx 2023/03/18 v0.17 extended biblatex standard style (MW)
Package biblatex Info: Trying to load auxiliary code for ext-biblatex...
Package biblatex Info: ... file 'ext-biblatex-aux.def' found.
 (/usr/share/texlive/texmf-dist/tex/latex/biblatex-ext/ext-biblatex-aux.def
File: ext-biblatex-aux.def 2023/03/18 v0.17 auxiliaries for extended biblatex citation style (MW)
)
Package biblatex Info: Trying to load bibliography style 'standard'...
Package biblatex Info: ... file 'standard.bbx' found.
 (/usr/share/texlive/texmf-dist/tex/latex/biblatex/bbx/standard.bbx
File: standard.bbx 2023/03/05 v3.19 biblatex bibliography style (PK/MW)
\c@bbx:relatedcount=\count539
\c@bbx:relatedtotal=\count540
)
\extbl@this@introcitewidth=\skip117
\introcitewidth=\skip118
\introcitesep=\skip119
Package biblatex Info: Delimiter 'innametitledelim' in context 'bib' already defined, overwriting.
Package biblatex Info: Delimiter 'innametitledelim' in context 'biblist' already defined, overwriting.
)
Package biblatex Info: Trying to load bibliography style 'numeric-verb'...
Package biblatex Info: ... file 'numeric-verb.bbx' found.
 (/usr/share/texlive/texmf-dist/tex/latex/biblatex/bbx/numeric-verb.bbx
File: numeric-verb.bbx 2023/03/05 v3.19 biblatex bibliography style (PK/MW)
Package biblatex Info: Trying to load bibliography style 'numeric'...
Package biblatex Info: ... file 'numeric.bbx' found.
 (/usr/share/texlive/texmf-dist/tex/latex/biblatex/bbx/numeric.bbx
File: numeric.bbx 2023/03/05 v3.19 biblatex bibliography style (PK/MW)
)))
Package biblatex Info: Trying to load citation style 'ext-numeric-verb'...
Package biblatex Info: ... file 'ext-numeric-verb.cbx' found.
 (/usr/share/texlive/texmf-dist/tex/latex/biblatex-ext/ext-numeric-verb.cbx
File: ext-numeric-verb.cbx 2023/03/18 v0.17 extended biblatex numeric-verb citation style (MW)
Package biblatex Info: Trying to load citation style 'numeric-verb'...
Package biblatex Info: ... file 'numeric-verb.cbx' found.
 (/usr/share/texlive/texmf-dist/tex/latex/biblatex/cbx/numeric-verb.cbx
File: numeric-verb.cbx 2023/03/05 v3.19 biblatex citation style (PK/MW)
Package biblatex Info: Redefining '\cite'.
Package biblatex Info: Redefining '\parencite'.
Package biblatex Info: Redefining '\footcite'.
Package biblatex Info: Redefining '\footcitetext'.
Package biblatex Info: Redefining '\smartcite'.
Package biblatex Info: Redefining '\textcite'.
Package biblatex Info: Redefining '\supercite'.
Package biblatex Info: Redefining '\parencites'.
Package biblatex Info: Redefining '\smartcites'.
Package biblatex Info: Redefining '\textcites'.
)
Package biblatex Info: Redefining '\cite'.
Package biblatex Info: Redefining '\parencite'.
Package biblatex Info: Redefining '\footcite'.
Package biblatex Info: Redefining '\footcitetext'.
Package biblatex Info: Redefining '\smartcite'.
Package biblatex Info: Redefining '\textcite'.
Package biblatex Info: Redefining '\supercite'.
Package biblatex Info: Redefining '\parencites'.
Package biblatex Info: Redefining '\footcites'.
Package biblatex Info: Redefining '\footcitetexts'.
Package biblatex Info: Redefining '\smartcites'.
Package biblatex Info: Redefining '\textcites'.
)
Package biblatex Info: Trying to load configuration file...
Package biblatex Info: ... file 'biblatex.cfg' found.
 (/usr/share/texlive/texmf-dist/tex/latex/biblatex/biblatex.cfg
File: biblatex.cfg 
)
Package biblatex Info: Input encoding 'utf8' detected.
Package biblatex Info: Document encoding is UTF8 ....
Package biblatex Info: ... and expl3
(biblatex)             2024-01-22 L3 programming layer (loader) 
(biblatex)             is new enough (at least 2020/04/06),
(biblatex)             setting 'casechanger=expl3'.
 (/usr/share/texlive/texmf-dist/tex/latex/biblatex/blx-case-expl3.sty
Package: blx-case-expl3 2023/03/05 v3.19 expl3 case changing code for biblatex
)) (./preamble/references/fields.tex) (./preamble/references/cite.tex) (./preamble/references/style.tex
Package biblatex Info: Delimiter 'editortypedelim' in context '' already defined, overwriting on input line 24.
) (./preamble/references/doi-eprint-url.tex) (./preamble/references/backref.tex)) (./preamble/math/packages.tex (/usr/share/texlive/texmf-dist/tex/latex/mathtools/mathtools.sty
Package: mathtools 2022/06/29 v1.29 mathematical typesetting tools
 (/usr/share/texlive/texmf-dist/tex/latex/mathtools/mhsetup.sty
Package: mhsetup 2021/03/18 v1.4 programming setup (MH)
)
\g_MT_multlinerow_int=\count541
\l_MT_multwidth_dim=\dimen384
\origjot=\skip120
\l_MT_shortvdotswithinadjustabove_dim=\dimen385
\l_MT_shortvdotswithinadjustbelow_dim=\dimen386
\l_MT_above_intertext_sep=\dimen387
\l_MT_below_intertext_sep=\dimen388
\l_MT_above_shortintertext_sep=\dimen389
\l_MT_below_shortintertext_sep=\dimen390
\xmathstrut@box=\box114
\xmathstrut@dim=\dimen391
) (/usr/share/texlive/texmf-dist/tex/latex/scalerel/scalerel.sty
Package: scalerel 2016/12/29 v1.8 Routines for constrained scaling and stretching of objects, relative to a reference object or in absolute terms
\thesrwidth=\skip121
\thesrheight=\skip122
\srblobheight=\skip123
\srblobdepth=\skip124
\mnxsrwidth=\skip125
\LMex=\skip126
\LMpt=\skip127
) (/usr/share/texlive/texmf-dist/tex/latex/amsfonts/amsfonts.sty
Package: amsfonts 2013/01/14 v3.01 Basic AMSFonts support
\symAMSa=\mathgroup4
\symAMSb=\mathgroup5
LaTeX Font Info:    Redeclaring math symbol \hbar on input line 98.
LaTeX Font Info:    Overwriting math alphabet `\mathfrak' in version `bold'
(Font)                  U/euf/m/n --> U/euf/b/n on input line 106.
) (/usr/share/texlive/texmf-dist/tex/latex/amsfonts/amssymb.sty
Package: amssymb 2013/01/14 v3.01 AMS font symbols
) (/usr/share/texlive/texmf-dist/tex/latex/tools/bm.sty
Package: bm 2023/07/08 v1.2f Bold Symbol Support (DPC/FMi)
\symboldoperators=\mathgroup6
\symboldletters=\mathgroup7
\symboldsymbols=\mathgroup8
Package bm Info: No bold for \OMX/lmex/m/n, using \pmb.
Package bm Info: No bold for \U/msa/m/n, using \pmb.
Package bm Info: No bold for \U/msb/m/n, using \pmb.
LaTeX Font Info:    Redeclaring math alphabet \mathbf on input line 149.
) (/usr/share/texlive/texmf-dist/tex/latex/mathfixs/mathfixs.sty
Package: mathfixs 2018/12/30 v1.01 various fixes for math mode
) (/usr/share/texlive/texmf-dist/tex/latex/physics/physics.sty
Package: physics 
) (/usr/share/texlive/texmf-dist/tex/latex/tensind/tensind.sty
Package: tensind 1998/05/01 v1.1 Tensorial Indexes
\tsi@dimen=\dimen392
\primes=\dimen393
)) (./preamble/math/fonts.tex
LaTeX Font Info:    Overwriting math alphabet `\mathsf' in version `bold'
(Font)                  OT1/lmss/bx/n --> T1/lmss/sbc/n on input line 5.
LaTeX Font Info:    Overwriting math alphabet `\mathsfit' in version `bold'
(Font)                  T1/lmss/m/sl --> T1/lmss/b/sl on input line 10.
\c@mv@sans=\count542
LaTeX Font Info:    Overwriting symbol font `operators' in version `sans'
(Font)                  OT1/cmr/m/n --> OT1/cmbr/m/n on input line 17.
LaTeX Font Info:    Overwriting symbol font `letters' in version `sans'
(Font)                  OML/cmm/m/it --> OML/cmbrm/m/it on input line 18.
LaTeX Font Info:    Overwriting symbol font `symbols' in version `sans'
(Font)                  OMS/cmsy/m/n --> OMS/cmbrs/m/n on input line 19.
LaTeX Font Info:    Overwriting symbol font `largesymbols' in version `sans'
(Font)                  OMX/cmex/m/n --> OMX/iwona/m/n on input line 20.
LaTeX Font Info:    Overwriting math alphabet `\mathit' in version `sans'
(Font)                  OT1/cmr/m/it --> OT1/cmbr/m/sl on input line 21.
LaTeX Font Info:    Overwriting math alphabet `\mathsf' in version `sans'
(Font)                  OT1/cmss/m/n --> OT1/lmss/m/n on input line 22.
LaTeX Font Info:    Overwriting math alphabet `\mathbf' in version `sans'
(Font)                  OT1/lmr/bx/n --> OT1/cmbr/bx/n on input line 23.
LaTeX Font Info:    Overwriting math alphabet `\mathtt' in version `sans'
(Font)                  OT1/cmtt/m/n --> OT1/cmtl/m/n on input line 24.
\c@mv@boldsans=\count543
LaTeX Font Info:    Overwriting symbol font `operators' in version `boldsans'
(Font)                  OT1/cmr/m/n --> OT1/cmbr/b/n on input line 28.
LaTeX Font Info:    Overwriting symbol font `letters' in version `boldsans'
(Font)                  OML/cmm/m/it --> OML/cmbrm/b/it on input line 29.
LaTeX Font Info:    Overwriting symbol font `symbols' in version `boldsans'
(Font)                  OMS/cmsy/m/n --> OMS/cmbrs/b/n on input line 30.
LaTeX Font Info:    Overwriting symbol font `largesymbols' in version `boldsans'
(Font)                  OMX/cmex/m/n --> OMX/iwona/bx/n on input line 31.
LaTeX Font Info:    Overwriting math alphabet `\mathit' in version `boldsans'
(Font)                  OT1/cmr/m/it --> OT1/cmbr/b/sl on input line 32.
LaTeX Font Info:    Overwriting math alphabet `\mathsf' in version `boldsans'
(Font)                  OT1/cmss/m/n --> OT1/lmss/sbc/n on input line 33.
LaTeX Font Info:    Overwriting math alphabet `\mathbf' in version `boldsans'
(Font)                  > OT1/cmbr/bx/n on input line 34.
LaTeX Font Info:    Overwriting math alphabet `\mathtt' in version `boldsans'
(Font)                  OT1/cmtt/m/n --> OT1/cmtl/b/n on input line 35.
\symsfletters=\mathgroup9
\symsflettersbold=\mathgroup10
\symstmry=\mathgroup11
) (./preamble/math/macros.tex
LaTeX Font Info:    Redeclaring math symbol \setminus on input line 202.
 (/usr/share/texlive/texmf-dist/tex/latex/ytableau/ytableau.sty
Package: ytableau 2021/06/12 v1.4 Many-featured Young tableaux and Young diagrams
\tableaux@YT=\box115
\thistableau@YT=\box116
\refhtdp@YT=\box117
\toks@YT=\toks59
\opttoksa@YT=\toks60
\opttoksb@YT=\toks61
\boxdim@YT=\dimen394
\tableauwd@YT=\dimen395
\count@YT=\count544
 (/usr/share/texlive/texmf-dist/tex/latex/pgfopts/pgfopts.sty
Package: pgfopts 2014/07/10 v2.1a LaTeX package options with pgfkeys
\pgfopts@list@add@a@toks=\toks62
\pgfopts@list@add@b@toks=\toks63
))) (./preamble/math/spacing.tex
\halfhphantomlength=\skip128
) (./preamble/environments/init.tex (/usr/share/texlive/texmf-dist/tex/latex/amscls/amsthm.sty
Package: amsthm 2020/05/29 v2.20.6
\thm@style=\toks64
\thm@bodyfont=\toks65
\thm@headfont=\toks66
\thm@notefont=\toks67
\thm@headpunct=\toks68
\thm@preskip=\skip129
\thm@postskip=\skip130
\thm@headsep=\skip131
\dth@everypar=\toks69
) (/usr/share/texlive/texmf-dist/tex/latex/thmtools/thmtools.sty
Package: thmtools 2023/05/04 v0.76
\thmt@toks=\toks70
\c@thmt@dummyctr=\count545
 (/usr/share/texlive/texmf-dist/tex/latex/thmtools/thm-patch.sty
Package: thm-patch 2023/05/04 v0.76
 (/usr/share/texlive/texmf-dist/tex/latex/thmtools/parseargs.sty
Package: parseargs 2023/05/04 v0.76
\@parsespec=\toks71
)) (/usr/share/texlive/texmf-dist/tex/latex/thmtools/thm-kv.sty
Package: thm-kv 2023/05/04 v0.76
Package thm-kv Info: Theorem names will be uppercased on input line 42.
Package thm-kv Info: kvsetkeys patch (v1.16 or later) on input line 158.
) (/usr/share/texlive/texmf-dist/tex/latex/thmtools/thm-autoref.sty
Package: thm-autoref 2023/05/04 v0.76
 (/usr/share/texlive/texmf-dist/tex/latex/thmtools/aliasctr.sty
Package: aliasctr 2023/05/04 v0.76
)) (/usr/share/texlive/texmf-dist/tex/latex/thmtools/thm-listof.sty
Package: thm-listof 2023/05/04 v0.76
) (/usr/share/texlive/texmf-dist/tex/latex/thmtools/thm-restate.sty
Package: thm-restate 2023/05/04 v0.76
) (/usr/share/texlive/texmf-dist/tex/latex/thmtools/thm-amsthm.sty
Package: thm-amsthm 2023/05/04 v0.76
\thmt@style@headstyle=\toks72
)) (/usr/share/texlive/texmf-dist/tex/latex/cleveref/cleveref.sty
Package: cleveref 2018/03/27 v0.21.4 Intelligent cross-referencing
Package cleveref Info: `hyperref' support loaded on input line 2370.
LaTeX Info: Redefining \cref on input line 2370.
LaTeX Info: Redefining \Cref on input line 2370.
LaTeX Info: Redefining \crefrange on input line 2370.
LaTeX Info: Redefining \Crefrange on input line 2370.
LaTeX Info: Redefining \cpageref on input line 2370.
LaTeX Info: Redefining \Cpageref on input line 2370.
LaTeX Info: Redefining \cpagerefrange on input line 2370.
LaTeX Info: Redefining \Cpagerefrange on input line 2370.
LaTeX Info: Redefining \labelcref on input line 2370.
LaTeX Info: Redefining \labelcpageref on input line 2370.
Package cleveref Info: `amsthm' support loaded on input line 3026.
) (/usr/share/texlive/texmf-dist/tex/latex/tcolorbox/tcolorbox.sty
Package: tcolorbox 2024/01/10 version 6.2.0 text color boxes
 (/usr/share/texlive/texmf-dist/tex/latex/tools/verbatim.sty
Package: verbatim 2023-11-06 v1.5v LaTeX2e package for verbatim enhancements
\every@verbatim=\toks73
\verbatim@line=\toks74
\verbatim@in@stream=\read4
) (/usr/share/texlive/texmf-dist/tex/latex/environ/environ.sty
Package: environ 2014/05/04 v0.3 A new way to define environments
 (/usr/share/texlive/texmf-dist/tex/latex/trimspaces/trimspaces.sty
Package: trimspaces 2009/09/17 v1.1 Trim spaces around a token list
))
\tcb@titlebox=\box118
\tcb@upperbox=\box119
\tcb@lowerbox=\box120
\tcb@phantombox=\box121
\c@tcbbreakpart=\count546
\c@tcblayer=\count547
\c@tcolorbox@number=\count548
\l__tcobox_tmpa_box=\box122
\l__tcobox_tmpa_dim=\dimen396
\tcb@temp=\box123
\tcb@temp=\box124
\tcb@temp=\box125
\tcb@temp=\box126
) (/usr/share/texlive/texmf-dist/tex/latex/tcolorbox/tcbskins.code.tex
Library (tcolorbox): 'tcbskins.code.tex' version '6.2.0'
(/usr/share/texlive/texmf-dist/tex/latex/tikzfill/tikzfill.image.sty
Package: tikzfill.image 2023/08/08 v1.0.1 Image filling library for TikZ
 (/usr/share/texlive/texmf-dist/tex/latex/tikzfill/tikzfill-common.sty
Package: tikzfill-common 2023/08/08 v1.0.1 Auxiliary code for tikzfill
) (/usr/share/texlive/texmf-dist/tex/latex/tikzfill/tikzlibraryfill.image.code.tex
File: tikzlibraryfill.image.code.tex 2023/08/08 v1.0.1 Image filling library
\l__tikzfill_img_box=\box127
)) (/usr/share/texlive/texmf-dist/tex/latex/tcolorbox/tcbskinsjigsaw.code.tex
Library (tcolorbox): 'tcbskinsjigsaw.code.tex' version '6.2.0'
)) (/usr/share/texlive/texmf-dist/tex/latex/tcolorbox/tcbbreakable.code.tex
Library (tcolorbox): 'tcbbreakable.code.tex' version '6.2.0'
(/usr/share/texlive/texmf-dist/tex/latex/pdfcol/pdfcol.sty
Package: pdfcol 2022-09-21 v1.7 Handle new color stacks for pdfTeX (HO)
)
Package pdfcol Info: New color stack `tcb@breakable' = 2 on input line 23.
\tcb@testbox=\box128
\tcb@totalupperbox=\box129
\tcb@totallowerbox=\box130
) (/usr/share/texlive/texmf-dist/tex/latex/tcolorbox/tcbtheorems.code.tex
Library (tcolorbox): 'tcbtheorems.code.tex' version '6.2.0'
)
\depthofj=\skip132
) (./preamble/environments/theorem-like.tex) (./preamble/environments/remark-like.tex) (./preamble/environments/todo-like.tex) (./preamble/hacks/custom-reference-boxes.tex) (./preamble/hacks/fix-qed.tex) (./preamble/hacks/floatrow-parskip.tex) (./preamble/user/macros.tex) (/usr/share/texlive/texmf-dist/tex/generic/hologo/hologo.sty
Package: hologo 2021-11-16 v1.15 A logo collection with bookmark support (HO)
) (./preamble/user/packages-macros.tex) (./preamble/user/math.tex))
Package csquotes Info: Checking for multilingual support...
Package csquotes Info: ... none found.
Package translations Info: No language package found. I am going to use `english' as default language. on input line 40.
LaTeX Font Info:    Trying to load font information for T1+lmr on input line 40.
 (/usr/share/texmf/tex/latex/lm/t1lmr.fd
File: t1lmr.fd 2015/05/01 v1.6.1 Font defs for Latin Modern
) (.aux/paper..aux (.aux/frontmatter/title.aux) (.aux/frontmatter/declaration.aux) (.aux/frontmatter/Abstract.aux) (.aux/Thesisfolder/01_introduction.aux) (.aux/Thesisfolder/02_Numerics.aux) (.aux/Thesisfolder/08_summary.aux) (.aux/chapters/Summary.aux) (.aux/Thesisfolder/App_A.aux) (.aux/Thesisfolder/App_B.aux) (.aux/Thesisfolder/App_C.aux))
\openout1 = `paper..aux'.

LaTeX Font Info:    Checking defaults for OML/cmm/m/it on input line 40.
LaTeX Font Info:    ... okay on input line 40.
LaTeX Font Info:    Checking defaults for OMS/cmsy/m/n on input line 40.
LaTeX Font Info:    Checking defaults for OT1/cmr/m/n on input line 40.
LaTeX Font Info:    Checking defaults for T1/cmr/m/n on input line 40.
LaTeX Font Info:    Checking defaults for TS1/cmr/m/n on input line 40.
LaTeX Font Info:    Checking defaults for OMX/cmex/m/n on input line 40.
LaTeX Font Info:    Checking defaults for U/cmr/m/n on input line 40.
LaTeX Font Info:    Checking defaults for PD1/pdf/m/n on input line 40.
LaTeX Font Info:    Checking defaults for PU/pdf/m/n on input line 40.
 (/usr/share/texlive/texmf-dist/tex/context/base/mkii/supp-pdf.mkii
[Loading MPS to PDF converter (version 2006.09.02).]
\scratchcounter=\count549
\scratchdimen=\dimen397
\scratchbox=\box131
\nofMPsegments=\count550
\nofMParguments=\count551
\everyMPshowfont=\toks75
\MPscratchCnt=\count552
\MPscratchDim=\dimen398
\MPnumerator=\count553
\makeMPintoPDFobject=\count554
\everyMPtoPDFconversion=\toks76
) (/usr/share/texlive/texmf-dist/tex/latex/epstopdf-pkg/epstopdf-base.sty
Package: epstopdf-base 2020-01-24 v2.11 Base part for package epstopdf
Package epstopdf-base Info: Redefining graphics rule for `.eps' on input line 485.
 (/usr/share/texlive/texmf-dist/tex/latex/latexconfig/epstopdf-sys.cfg
File: epstopdf-sys.cfg 2010/07/13 v1.3 Configuration of (r)epstopdf for TeX Live
))
LaTeX Info: Redefining \microtypecontext on input line 40.
Package microtype Info: Applying patch `item' on input line 40.
Package microtype Info: Applying patch `toc' on input line 40.
Package microtype Info: Applying patch `eqnum' on input line 40.
Package microtype Info: Applying patch `footnote' on input line 40.
Package microtype Info: Applying patch `verbatim' on input line 40.
Package microtype Info: Generating PDF output.
Package microtype Info: Character protrusion enabled (level 2).
Package microtype Info: Using default protrusion set `alltext'.
Package microtype Info: Automatic font expansion enabled (level 2),
(microtype)             stretch: 20, shrink: 20, step: 1, non-selected.
Package microtype Info: Using default expansion set `alltext-nott'.
LaTeX Info: Redefining \showhyphens on input line 40.
Package microtype Info: No adjustment of tracking.
Package microtype Info: No adjustment of interword spacing.
Package microtype Info: No adjustment of character kerning.
 (/usr/share/texlive/texmf-dist/tex/latex/microtype/mt-cmr.cfg
File: mt-cmr.cfg 2013/05/19 v2.2 microtype config. file: Computer Modern Roman (RS)
)

Package siunitx Warning: Detected the "physics" package:
(siunitx)                omitting definition of \qty.
(siunitx)                
(siunitx)                If you want to use \qty with the siunitx definition,
(siunitx)                add 
(siunitx)                
(siunitx)                    \AtBeginDocument{\RenewCommandCopy\qty\SI}
(siunitx)                
(siunitx)                to your preamble.

(/usr/share/texlive/texmf-dist/tex/latex/translations/translations-basic-dictionary-english.trsl
File: translations-basic-dictionary-english.trsl (english translation file `translations-basic-dictionary')
)
Package translations Info: loading dictionary `translations-basic-dictionary' for `english'. on input line 40.
Package caption Info: Begin \AtBeginDocument code.
Package caption Info: hyperref package is loaded.
Package caption Info: End \AtBeginDocument code.
Package hyperref Info: Link coloring OFF on input line 40.

*geometry* driver: auto-detecting
*geometry* detected driver: pdftex
*geometry* verbose mode - [ preamble ] result:
* driver: pdftex
* paper: a4paper
* layout: <same size as paper>
* layoutoffset:(h,v)=(0.0pt,0.0pt)
* hratio: 1:1
* vratio: 3:4
* modes: includehead 
* h-part:(L,W,R)=(92.47145pt, 412.56496pt, 92.47147pt)
* v-part:(T,H,B)=(57.31197pt, 711.3189pt, 76.41599pt)
* \paperwidth=597.50787pt
* \paperheight=845.04684pt
* \textwidth=412.56496pt
* \textheight=681.95107pt
* \oddsidemargin=20.20146pt
* \evensidemargin=20.20146pt
* \topmargin=-14.95802pt
* \headheight=29.36783pt
* \headsep=0.0pt
* \topskip=12.0pt
* \footskip=30.0pt
* \marginparwidth=35.0pt
* \marginparsep=10.0pt
* \columnsep=10.0pt
* \skip\footins=10.8pt plus 4.0pt minus 2.0pt
* \hoffset=0.0pt
* \voffset=0.0pt
* \mag=1000
* \@twocolumnfalse
* \@twosidefalse
* \@mparswitchfalse
* \@reversemarginfalse
* (1in=72.27pt=25.4mm, 1cm=28.453pt)

Package biblatex Info: Trying to load language 'english'...
Package biblatex Info: ... file 'english.lbx' found.
(/usr/share/texlive/texmf-dist/tex/latex/biblatex/lbx/english.lbx
File: english.lbx 2023/03/05 v3.19 biblatex localization (PK/MW)
)
Package biblatex Info: Input encoding 'utf8' detected.
Package biblatex Info: Automatic encoding selection.
(biblatex)             Assuming data encoding 'utf8'.
\openout4 = `paper..bcf'.

Package biblatex Info: Trying to load bibliographic data...
Package biblatex Info: ... file 'paper..bbl' found.
 (.aux/paper..bbl (/usr/share/texmf/tex/latex/lm/t1lmtt.fd
File: t1lmtt.fd 2015/05/01 v1.6.1 Font defs for Latin Modern
)
Package microtype Info: Loading generic protrusion settings for font family
(microtype)             `lmtt' (encoding: T1).
(microtype)             For optimal results, create family-specific settings.
(microtype)             See the microtype manual for details.


Package biblatex Warning: Biber reported the following issues
(biblatex)                with 'NREL5MW':
(biblatex)                - Datamodel: article entry 'NREL5MW' (preamble/bibliography.bib): Missing mandatory field 'journaltitle'.


Package biblatex Warning: Biber reported the following issues
(biblatex)                with 'raasch2001':
(biblatex)                - Datamodel: article entry 'raasch2001' (preamble/bibliography.bib): Invalid field 'publisher' for entrytype 'article'.


Package biblatex Warning: Biber reported the following issues
(biblatex)                with 'fastV3':
(biblatex)                - Datamodel: article entry 'fastV3' (preamble/bibliography.bib): Missing mandatory field 'journaltitle'.


Package biblatex Warning: The following entry could not be found
(biblatex)                in the database:
(biblatex)                ref57
(biblatex)                Please verify the spelling and rerun
(biblatex)                LaTeX afterwards.

)
Package biblatex Info: Reference section=0 on input line 40.
Package biblatex Info: Reference segment=0 on input line 40.
<<sRGB.icc>>
\openout2 = `frontmatter/title.aux'.

 (./frontmatter/title.tex
<Figures/00_other/FUAS.pdf, id=33, 77.04987pt x 51.35687pt>
File: Figures/00_other/FUAS.pdf Graphic file (type pdf)
<use Figures/00_other/FUAS.pdf>
Package pdftex.def Info: Figures/00_other/FUAS.pdf  used on input line 5.
(pdftex.def)             Requested size: 103.14124pt x 68.74965pt.
 (/usr/share/texmf/tex/latex/lm/ot1lmr.fd
File: ot1lmr.fd 2015/05/01 v1.6.1 Font defs for Latin Modern
) (/usr/share/texmf/tex/latex/lm/omllmm.fd
File: omllmm.fd 2015/05/01 v1.6.1 Font defs for Latin Modern
) (/usr/share/texmf/tex/latex/lm/omslmsy.fd
File: omslmsy.fd 2015/05/01 v1.6.1 Font defs for Latin Modern
) (/usr/share/texmf/tex/latex/lm/omxlmex.fd
File: omxlmex.fd 2015/05/01 v1.6.1 Font defs for Latin Modern
)
LaTeX Font Info:    External font `lmex10' loaded for size
(Font)              <12> on input line 6.
 (/usr/share/texlive/texmf-dist/tex/latex/amsfonts/umsa.fd
File: umsa.fd 2013/01/14 v3.01 AMS symbols A
) (/usr/share/texlive/texmf-dist/tex/latex/microtype/mt-msa.cfg
File: mt-msa.cfg 2006/02/04 v1.1 microtype config. file: AMS symbols (a) (RS)
) (/usr/share/texlive/texmf-dist/tex/latex/amsfonts/umsb.fd
File: umsb.fd 2013/01/14 v3.01 AMS symbols B
) (/usr/share/texlive/texmf-dist/tex/latex/microtype/mt-msb.cfg
File: mt-msb.cfg 2005/06/01 v1.0 microtype config. file: AMS symbols (b) (RS)
) (/usr/share/texlive/texmf-dist/tex/latex/cmbright/omlcmbrm.fd
File: omlcmbrm.fd 2005/04/13 v8.1 (WaS)
) (/usr/share/texlive/texmf-dist/tex/latex/stmaryrd/Ustmry.fd)
<Figures/00_other/FHKiel.jpg, id=34, 207.8967pt x 59.7432pt>
File: Figures/00_other/FHKiel.jpg Graphic file (type jpg)
<use Figures/00_other/FHKiel.jpg>
Package pdftex.def Info: Figures/00_other/FHKiel.jpg  used on input line 8.
(pdftex.def)             Requested size: 144.40024pt x 41.49722pt.
<Figures/00_other/WETI.pdf, id=35, 196.16185pt x 77.89511pt>
File: Figures/00_other/WETI.pdf Graphic file (type pdf)
<use Figures/00_other/WETI.pdf>
Package pdftex.def Info: Figures/00_other/WETI.pdf  used on input line 11.
(pdftex.def)             Requested size: 144.40024pt x 57.34193pt.
 (/usr/share/texmf/tex/latex/lm/t1lmss.fd
File: t1lmss.fd 2015/05/01 v1.6.1 Font defs for Latin Modern
)
Package microtype Info: Loading generic protrusion settings for font family
(microtype)             `lmss' (encoding: T1).
(microtype)             For optimal results, create family-specific settings.
(microtype)             See the microtype manual for details.
 [1


{/var/lib/texmf/fonts/map/pdftex/updmap/pdftex.map}{/usr/share/texmf/fonts/enc/dvips/lm/lm-ec.enc} <./Figures/00_other/FUAS.pdf> <./Figures/00_other/FHKiel.jpg> <./Figures/00_other/WETI.pdf>])
\openout2 = `frontmatter/declaration.aux'.

 (./frontmatter/declaration.tex
Overfull \hbox (6.37157pt too wide) in paragraph at lines 13--18
[][] 
 []

[2




])
\openout2 = `frontmatter/Abstract.aux'.

 (./frontmatter/Abstract.tex) (/usr/share/texmf/tex/latex/tex-gyre/t1qzc.fd
File: t1qzc.fd 2009/09/25 v1.2 font definition file for T1/qzc
)
Package microtype Info: Loading generic protrusion settings for font family
(microtype)             `qzc' (encoding: T1).
(microtype)             For optimal results, create family-specific settings.
(microtype)             See the microtype manual for details.
 (.aux/paper..toc (/usr/share/texmf/tex/latex/lm/ts1lmr.fd
File: ts1lmr.fd 2015/05/01 v1.6.1 Font defs for Latin Modern
))
\tf@toc=\write5
\openout5 = `paper..toc'.

 [3







{/usr/share/texmf/fonts/enc/dvips/tex-gyre/q-ec.enc}{/usr/share/texmf/fonts/enc/dvips/lm/lm-ts1.enc}] (.aux/paper..lof)
\tf@lof=\write6
\openout6 = `paper..lof'.

 [4

] (.aux/paper..lot)
\tf@lot=\write7
\openout7 = `paper..lot'.

 [5

] [6

]
\openout2 = `Thesisfolder/01_introduction.aux'.

 (./Thesisfolder/01_introduction.tex
Chapter 1.
[1



]) [2]
\openout2 = `Thesisfolder/02_Numerics.aux'.

 (./Thesisfolder/02_Numerics.tex
Chapter 2.
<Figures/WindSpectra.png, id=253, 1349.04pt x 524.96124pt>
File: Figures/WindSpectra.png Graphic file (type png)
<use Figures/WindSpectra.png>
Package pdftex.def Info: Figures/WindSpectra.png  used on input line 7.
(pdftex.def)             Requested size: 412.56496pt x 160.54149pt.
[3




 <./Figures/WindSpectra.png>]

LaTeX Warning: Citation 'ref57' on page 4 undefined on input line 40.

[4{/usr/share/texmf/fonts/enc/dvips/lm/lm-mathit.enc}{/usr/share/texmf/fonts/enc/dvips/lm/lm-rm.enc}{/usr/share/texmf/fonts/enc/dvips/lm/lm-mathsy.enc}] (/usr/share/texlive/texmf-dist/tex/latex/cmbright/ot1cmbr.fd
File: ot1cmbr.fd 2005/04/13 v8.1 (WaS)
)
LaTeX Font Info:    Font shape `OT1/cmbr/b/n' in size <12> not available
(Font)              Font shape `OT1/cmbr/bx/n' tried instead on input line 58.
Package microtype Info: Loading generic protrusion settings for font family
(microtype)             `cmbr' (encoding: OT1).
(microtype)             For optimal results, create family-specific settings.
(microtype)             See the microtype manual for details.


LaTeX Font Warning: Font shape `OT1/cmbr/bx/n' in size <8> not available
(Font)              Font shape `OT1/cmbr/m/n' tried instead on input line 58.


LaTeX Font Warning: Font shape `OT1/cmbr/bx/n' in size <6> not available
(Font)              Font shape `OT1/cmbr/m/n' tried instead on input line 58.

(/usr/share/texlive/texmf-dist/tex/latex/cmbright/omscmbrs.fd
File: omscmbrs.fd 2005/04/13 v8.1 (WaS)
)

LaTeX Font Warning: Font shape `OMS/cmbrs/b/n' undefined
(Font)              using `OMS/cmbrs/m/n' instead on input line 58.

(/usr/share/texlive/texmf-dist/tex/latex/iwona/omxiwona.fd
File: omxiwona.fd 2008/07/22 v0.995 font definition file for OMX/iwona (MW)
)
Package hyperref Info: bookmark level for unknown definition defaults to 0 on input line 58.
 [5] [6{/usr/share/texmf/fonts/enc/dvips/lm/lm-mathex.enc}] [7] [8] [9] [10]
Chapter 3.
<Figures/aerodynamics_streamtube.png, id=344, 1058.45438pt x 749.04843pt>
File: Figures/aerodynamics_streamtube.png Graphic file (type png)
<use Figures/aerodynamics_streamtube.png>
Package pdftex.def Info: Figures/aerodynamics_streamtube.png  used on input line 237.
(pdftex.def)             Requested size: 412.56496pt x 291.9677pt.
[11

]
<Figures/blade_element.png, id=357, 1272.755pt x 397.485pt>
File: Figures/blade_element.png Graphic file (type png)
<use Figures/blade_element.png>
Package pdftex.def Info: Figures/blade_element.png  used on input line 287.
(pdftex.def)             Requested size: 412.56496pt x 128.84145pt.
 [12 <./Figures/aerodynamics_streamtube.png>] [13 <./Figures/blade_element.png>]
<Figures/blade_modes.pdf, id=387, 291.85683pt x 191.17717pt>
File: Figures/blade_modes.pdf Graphic file (type pdf)
<use Figures/blade_modes.pdf>
Package pdftex.def Info: Figures/blade_modes.pdf  used on input line 333.
(pdftex.def)             Requested size: 412.56496pt x 270.2541pt.
 [14] [15 <./Figures/blade_modes.pdf>]) [16]
\openout2 = `Thesisfolder/08_summary.aux'.

 (./Thesisfolder/08_summary.tex
Chapter 4.
) [17




]
\openout2 = `chapters/Summary.aux'.

 (./chapters/Summary.tex) [18




]
\openout2 = `Thesisfolder/App_A.aux'.

 (./Thesisfolder/App_A.tex
Appendix A.
) [19




]
\openout2 = `Thesisfolder/App_B.aux'.

 (./Thesisfolder/App_B.tex
Appendix B.
) [20




]
\openout2 = `Thesisfolder/App_C.aux'.

 (./Thesisfolder/App_C.tex
Appendix C.
) [21




]
Package microtype Info: Character `029' is missing
(microtype)             in font `T1/lmr/m/sc/10'.
(microtype)             Ignoring protrusion settings for this character.

Underfull \hbox (badness 10000) in paragraph at lines 73--73
[]\T1/lmr/m/n/12 (+20) WindEurope. \T1/lmss/m/n/12 (+20) Lat-est Wind En-ergy Data for Eu-rope -
 []


Underfull \hbox (badness 10000) in paragraph at lines 73--73
\T1/lmss/m/n/12 (+20) Au-tumn 2024\T1/lmr/m/n/12 (+20) . Ac-cessed: 2024-12-11. \T1/lmr/bx/n/12 (+20) 2024     \T1/lmr/m/sc/10 (+20) url\T1/lmr/m/n/10 (+20) :
 []


Overfull \hbox (86.18158pt too wide) in paragraph at lines 73--73
[][][]
 []


Underfull \hbox (badness 1776) in paragraph at lines 73--73
[]\T1/lmr/m/n/12 (+20) Tanja Mcke, David Klein-hans, and Joachim Peinke. \T1/lmss/m/n/12 (+20) At-mo-spheric
 []


Underfull \hbox (badness 2334) in paragraph at lines 73--73
\T1/lmss/m/n/12 (+20) tur-bu-lence and its in-flu-ence on the al-ter-nat-ing loads on wind tur-
 []


Underfull \hbox (badness 1460) in paragraph at lines 73--73
\T1/lmss/m/n/12 (+20) bines\T1/lmr/m/n/12 (+20) . \T1/lmr/m/sl/12 (+20) Wind En-ergy\T1/lmr/m/n/12 (+20) , \T1/lmr/bx/n/12 (+20) 2011\T1/lmr/m/n/10 (+20) .  \T1/lmr/m/sc/10 (+20) doi\T1/lmr/m/n/10 (+20) : [][][]  eprint:
 []

[22



]
Underfull \hbox (badness 2512) in paragraph at lines 73--73
[]\T1/lmr/m/n/12 (+20) Sylvio Bistafa. \T1/lmss/m/n/12 (+20) On the de-vel-op-ment of the Navier-Stokes equa-tion
 []


Underfull \hbox (badness 3872) in paragraph at lines 73--73
\T1/lmss/m/n/12 (+20) by Navier\T1/lmr/m/n/12 (+20) . \T1/lmr/m/sl/12 (+20) Re-vista Brasileira de En-sino de Fsica\T1/lmr/m/n/12 (+20) , \T1/lmr/bx/n/12 (+20) 2017\T1/lmr/m/n/10 (+20) .  \T1/lmr/m/sc/10 (+20) doi\T1/lmr/m/n/10 (+20) :
 []


Underfull \hbox (badness 7869) in paragraph at lines 73--73
[]\T1/lmr/m/n/12 (+20) Philippe Spalart. \T1/lmss/m/n/12 (+20) Trends in tur-bu-lence treat-ments\T1/lmr/m/n/12 (+20) . \T1/lmr/bx/n/12 (+20) 2000\T1/lmr/m/n/10 (+20) .  \T1/lmr/m/sc/10 (+20) doi\T1/lmr/m/n/10 (+20) :
 []


Underfull \hbox (badness 10000) in paragraph at lines 73--73
[]\T1/lmr/m/n/12 (+20) G. In-gram. \T1/lmss/m/n/12 (+20) Wind Tur-bine Blade Anal-y-sis Us-
 []


Underfull \hbox (badness 10000) in paragraph at lines 73--73
\T1/lmss/m/n/12 (+20) ing the Blade El-e-ment Mo-men-tum Method\T1/lmr/m/n/12 (+20) .
 []


Overfull \hbox (254.64868pt too wide) in paragraph at lines 73--73
[][][]\T1/lmr/m/n/12 (-20) .
 []


Package caption Warning: Unused \captionsetup[floatfoot] on input line 95.
See the caption package documentation for explanation.

[23] (.aux/paper..aux (.aux/frontmatter/title.aux) (.aux/frontmatter/declaration.aux) (.aux/frontmatter/Abstract.aux) (.aux/Thesisfolder/01_introduction.aux) (.aux/Thesisfolder/02_Numerics.aux) (.aux/Thesisfolder/08_summary.aux) (.aux/chapters/Summary.aux) (.aux/Thesisfolder/App_A.aux) (.aux/Thesisfolder/App_B.aux) (.aux/Thesisfolder/App_C.aux))
 ***********
LaTeX2e <2023-11-01> patch level 1
L3 programming layer <2024-01-22>
 ***********


LaTeX Font Warning: Some font shapes were not available, defaults substituted.

Package logreq Info: Writing requests to 'paper..run.xml'.
\openout1 = `paper..run.xml'.

 ) 
Here is how much of TeX's memory you used:
 57023 strings out of 476106
 1217495 string characters out of 5793933
 2089405 words of memory out of 5000000
 77533 multiletter control sequences out of 15000+600000
 731074 words of font info for 332 fonts, out of 8000000 for 9000
 59 hyphenation exceptions out of 8191
 94i,14n,123p,1397b,2443s stack positions out of 10000i,1000n,20000p,200000b,200000s
</usr/share/texmf/fonts/type1/public/lm/lmbx10.pfb></usr/share/texmf/fonts/type1/public/lm/lmbx12.pfb></usr/share/texmf/fonts/type1/public/lm/lmcsc10.pfb></usr/share/texmf/fonts/type1/public/lm/lmex10.pfb></usr/share/texmf/fonts/type1/public/lm/lmmi12.pfb></usr/share/texmf/fonts/type1/public/lm/lmmi6.pfb></usr/share/texmf/fonts/type1/public/lm/lmmi8.pfb></usr/share/texmf/fonts/type1/public/lm/lmr10.pfb></usr/share/texmf/fonts/type1/public/lm/lmr12.pfb></usr/share/texmf/fonts/type1/public/lm/lmr17.pfb></usr/share/texmf/fonts/type1/public/lm/lmr8.pfb></usr/share/texmf/fonts/type1/public/lm/lmro12.pfb></usr/share/texmf/fonts/type1/public/lm/lmss12.pfb></usr/share/texmf/fonts/type1/public/lm/lmss17.pfb></usr/share/texmf/fonts/type1/public/lm/lmssbx10.pfb></usr/share/texmf/fonts/type1/public/lm/lmsy10.pfb></usr/share/texmf/fonts/type1/public/lm/lmsy8.pfb></usr/share/texmf/fonts/type1/public/lm/lmtt10.pfb></usr/share/texmf/fonts/type1/public/lm/lmtt12.pfb></usr/share/texmf/fonts/type1/public/lm/lmtt8.pfb></usr/share/texmf/fonts/type1/public/tex-gyre/qzcmi.pfb>
Output written on .aux/paper..pdf (29 pages, 1055785 bytes).
PDF statistics:
 745 PDF objects out of 1000 (max. 8388607)
 589 compressed objects within 6 object streams
 121 named destinations out of 1000 (max. 500000)
 94630 words of extra memory for PDF output out of 106986 (max. 10000000)

